[2025-12-19T03:56:34.735+0000] {local_task_job_runner.py:120} INFO - ::group::Pre task execution logs
[2025-12-19T03:56:34.771+0000] {taskinstance.py:2076} INFO - Dependencies all met for dep_context=non-requeueable deps ti=<TaskInstance: stock_price_etl_pipeline.initialize_database manual__2025-12-19T03:56:33.013375+00:00 [queued]>
[2025-12-19T03:56:34.779+0000] {taskinstance.py:2076} INFO - Dependencies all met for dep_context=requeueable deps ti=<TaskInstance: stock_price_etl_pipeline.initialize_database manual__2025-12-19T03:56:33.013375+00:00 [queued]>
[2025-12-19T03:56:34.780+0000] {taskinstance.py:2306} INFO - Starting attempt 1 of 2
[2025-12-19T03:56:34.796+0000] {taskinstance.py:2330} INFO - Executing <Task(PythonOperator): initialize_database> on 2025-12-19 03:56:33.013375+00:00
[2025-12-19T03:56:34.807+0000] {logging_mixin.py:188} WARNING - /home/***/.local/lib/python3.12/site-packages/***/task/task_runner/standard_task_runner.py:62 DeprecationWarning: This process (pid=220) is multi-threaded, use of fork() may lead to deadlocks in the child.
[2025-12-19T03:56:34.809+0000] {standard_task_runner.py:64} INFO - Started process 222 to run task
[2025-12-19T03:56:34.807+0000] {standard_task_runner.py:90} INFO - Running: ['***', 'tasks', 'run', 'stock_price_etl_pipeline', 'initialize_database', 'manual__2025-12-19T03:56:33.013375+00:00', '--job-id', '2', '--raw', '--subdir', 'DAGS_FOLDER/stock_etl_dag.py', '--cfg-path', '/tmp/tmpw_7d_03h']
[2025-12-19T03:56:34.810+0000] {standard_task_runner.py:91} INFO - Job 2: Subtask initialize_database
[2025-12-19T03:56:34.832+0000] {logging_mixin.py:188} WARNING - /home/***/.local/lib/python3.12/site-packages/***/settings.py:195 DeprecationWarning: The sql_alchemy_conn option in [core] has been moved to the sql_alchemy_conn option in [database] - the old setting has been used, but please update your config.
[2025-12-19T03:56:34.885+0000] {task_command.py:426} INFO - Running <TaskInstance: stock_price_etl_pipeline.initialize_database manual__2025-12-19T03:56:33.013375+00:00 [running]> on host bd2320aa3988
[2025-12-19T03:56:34.989+0000] {taskinstance.py:2648} INFO - Exporting env vars: AIRFLOW_CTX_DAG_OWNER='***' AIRFLOW_CTX_DAG_ID='stock_price_etl_pipeline' AIRFLOW_CTX_TASK_ID='initialize_database' AIRFLOW_CTX_EXECUTION_DATE='2025-12-19T03:56:33.013375+00:00' AIRFLOW_CTX_TRY_NUMBER='1' AIRFLOW_CTX_DAG_RUN_ID='manual__2025-12-19T03:56:33.013375+00:00'
[2025-12-19T03:56:34.991+0000] {taskinstance.py:430} INFO - ::endgroup::
[2025-12-19T03:56:35.032+0000] {logging_mixin.py:188} INFO - Initializing database at: data/stock_warehouse.db
[2025-12-19T03:56:35.050+0000] {logging_mixin.py:188} INFO - Database schema initialized successfully.
[2025-12-19T03:56:35.050+0000] {python.py:237} INFO - Done. Returned value was: None
[2025-12-19T03:56:35.051+0000] {taskinstance.py:441} INFO - ::group::Post task execution logs
[2025-12-19T03:56:35.061+0000] {taskinstance.py:1206} INFO - Marking task as SUCCESS. dag_id=stock_price_etl_pipeline, task_id=initialize_database, run_id=manual__2025-12-19T03:56:33.013375+00:00, execution_date=20251219T035633, start_date=20251219T035634, end_date=20251219T035635
[2025-12-19T03:56:35.106+0000] {local_task_job_runner.py:243} INFO - Task exited with return code 0
[2025-12-19T03:56:35.130+0000] {taskinstance.py:3503} INFO - 1 downstream tasks scheduled from follow-on schedule check
[2025-12-19T03:56:35.136+0000] {local_task_job_runner.py:222} INFO - ::endgroup::
