[2025-12-19T04:11:21.296+0000] {local_task_job_runner.py:120} INFO - ::group::Pre task execution logs
[2025-12-19T04:11:21.332+0000] {taskinstance.py:2076} INFO - Dependencies all met for dep_context=non-requeueable deps ti=<TaskInstance: stock_price_etl_pipeline.transform_data manual__2025-12-19T04:11:12.486195+00:00 [queued]>
[2025-12-19T04:11:21.340+0000] {taskinstance.py:2076} INFO - Dependencies all met for dep_context=requeueable deps ti=<TaskInstance: stock_price_etl_pipeline.transform_data manual__2025-12-19T04:11:12.486195+00:00 [queued]>
[2025-12-19T04:11:21.341+0000] {taskinstance.py:2306} INFO - Starting attempt 1 of 2
[2025-12-19T04:11:21.358+0000] {taskinstance.py:2330} INFO - Executing <Task(PythonOperator): transform_data> on 2025-12-19 04:11:12.486195+00:00
[2025-12-19T04:11:21.369+0000] {logging_mixin.py:188} WARNING - /home/***/.local/lib/python3.12/site-packages/***/task/task_runner/standard_task_runner.py:62 DeprecationWarning: This process (pid=246) is multi-threaded, use of fork() may lead to deadlocks in the child.
[2025-12-19T04:11:21.371+0000] {standard_task_runner.py:64} INFO - Started process 248 to run task
[2025-12-19T04:11:21.369+0000] {standard_task_runner.py:90} INFO - Running: ['***', 'tasks', 'run', 'stock_price_etl_pipeline', 'transform_data', 'manual__2025-12-19T04:11:12.486195+00:00', '--job-id', '4', '--raw', '--subdir', 'DAGS_FOLDER/stock_etl_dag.py', '--cfg-path', '/tmp/tmpktlogvlw']
[2025-12-19T04:11:21.372+0000] {standard_task_runner.py:91} INFO - Job 4: Subtask transform_data
[2025-12-19T04:11:21.392+0000] {logging_mixin.py:188} WARNING - /home/***/.local/lib/python3.12/site-packages/***/settings.py:195 DeprecationWarning: The sql_alchemy_conn option in [core] has been moved to the sql_alchemy_conn option in [database] - the old setting has been used, but please update your config.
[2025-12-19T04:11:21.445+0000] {task_command.py:426} INFO - Running <TaskInstance: stock_price_etl_pipeline.transform_data manual__2025-12-19T04:11:12.486195+00:00 [running]> on host 5e5a5b1a6fb2
[2025-12-19T04:11:21.543+0000] {taskinstance.py:2648} INFO - Exporting env vars: AIRFLOW_CTX_DAG_OWNER='***' AIRFLOW_CTX_DAG_ID='stock_price_etl_pipeline' AIRFLOW_CTX_TASK_ID='transform_data' AIRFLOW_CTX_EXECUTION_DATE='2025-12-19T04:11:12.486195+00:00' AIRFLOW_CTX_TRY_NUMBER='1' AIRFLOW_CTX_DAG_RUN_ID='manual__2025-12-19T04:11:12.486195+00:00'
[2025-12-19T04:11:21.545+0000] {taskinstance.py:430} INFO - ::endgroup::
[2025-12-19T04:11:21.566+0000] {logging_mixin.py:188} INFO - Starting data transformation...
[2025-12-19T04:11:21.567+0000] {logging_mixin.py:188} INFO - Processing AAPL...
[2025-12-19T04:11:21.569+0000] {logging_mixin.py:188} WARNING - /opt/***/src/transform.py:23 UserWarning: pandas only supports SQLAlchemy connectable (engine/connection) or database string URI or sqlite3 DBAPI2 connection. Other DBAPI2 objects are not tested. Please consider using SQLAlchemy.
[2025-12-19T04:11:21.585+0000] {logging_mixin.py:188} INFO - Processing MSFT...
[2025-12-19T04:11:21.586+0000] {logging_mixin.py:188} WARNING - /opt/***/src/transform.py:23 UserWarning: pandas only supports SQLAlchemy connectable (engine/connection) or database string URI or sqlite3 DBAPI2 connection. Other DBAPI2 objects are not tested. Please consider using SQLAlchemy.
[2025-12-19T04:11:21.595+0000] {logging_mixin.py:188} INFO - Processing GOOGL...
[2025-12-19T04:11:21.597+0000] {logging_mixin.py:188} WARNING - /opt/***/src/transform.py:23 UserWarning: pandas only supports SQLAlchemy connectable (engine/connection) or database string URI or sqlite3 DBAPI2 connection. Other DBAPI2 objects are not tested. Please consider using SQLAlchemy.
[2025-12-19T04:11:21.605+0000] {logging_mixin.py:188} INFO - Transformation complete.
[2025-12-19T04:11:21.606+0000] {python.py:237} INFO - Done. Returned value was:                      Date Ticker       Close      SMA_50     SMA_200
0     2023-12-20 00:00:00   AAPL  193.007263         NaN         NaN
1     2023-12-21 00:00:00   AAPL  192.858643         NaN         NaN
2     2023-12-22 00:00:00   AAPL  191.788757         NaN         NaN
3     2023-12-26 00:00:00   AAPL  191.243912         NaN         NaN
4     2023-12-27 00:00:00   AAPL  191.342957         NaN         NaN
...                   ...    ...         ...         ...         ...
1498  2025-12-12 00:00:00  GOOGL  309.290009  281.494447  208.546646
1499  2025-12-15 00:00:00  GOOGL  308.220001  282.755055  209.239668
1500  2025-12-16 00:00:00  GOOGL  306.570007  283.881129  209.940725
1501  2025-12-17 00:00:00  GOOGL  296.720001  284.903542  210.573059
1502  2025-12-18 00:00:00  GOOGL  302.459991  286.063540  211.223634

[1503 rows x 5 columns]
[2025-12-19T04:11:21.620+0000] {taskinstance.py:441} INFO - ::group::Post task execution logs
[2025-12-19T04:11:21.702+0000] {taskinstance.py:1206} INFO - Marking task as SUCCESS. dag_id=stock_price_etl_pipeline, task_id=transform_data, run_id=manual__2025-12-19T04:11:12.486195+00:00, execution_date=20251219T041112, start_date=20251219T041121, end_date=20251219T041121
[2025-12-19T04:11:21.747+0000] {local_task_job_runner.py:243} INFO - Task exited with return code 0
[2025-12-19T04:11:21.767+0000] {taskinstance.py:3503} INFO - 1 downstream tasks scheduled from follow-on schedule check
[2025-12-19T04:11:21.772+0000] {local_task_job_runner.py:222} INFO - ::endgroup::
