[2025-12-19T03:56:40.969+0000] {local_task_job_runner.py:120} INFO - ::group::Pre task execution logs
[2025-12-19T03:56:41.005+0000] {taskinstance.py:2076} INFO - Dependencies all met for dep_context=non-requeueable deps ti=<TaskInstance: stock_price_etl_pipeline.transform_data_calculate_sma manual__2025-12-19T03:56:33.013375+00:00 [queued]>
[2025-12-19T03:56:41.013+0000] {taskinstance.py:2076} INFO - Dependencies all met for dep_context=requeueable deps ti=<TaskInstance: stock_price_etl_pipeline.transform_data_calculate_sma manual__2025-12-19T03:56:33.013375+00:00 [queued]>
[2025-12-19T03:56:41.015+0000] {taskinstance.py:2306} INFO - Starting attempt 1 of 2
[2025-12-19T03:56:41.031+0000] {taskinstance.py:2330} INFO - Executing <Task(PythonOperator): transform_data_calculate_sma> on 2025-12-19 03:56:33.013375+00:00
[2025-12-19T03:56:41.042+0000] {logging_mixin.py:188} WARNING - /home/***/.local/lib/python3.12/site-packages/***/task/task_runner/standard_task_runner.py:62 DeprecationWarning: This process (pid=229) is multi-threaded, use of fork() may lead to deadlocks in the child.
[2025-12-19T03:56:41.044+0000] {standard_task_runner.py:64} INFO - Started process 231 to run task
[2025-12-19T03:56:41.042+0000] {standard_task_runner.py:90} INFO - Running: ['***', 'tasks', 'run', 'stock_price_etl_pipeline', 'transform_data_calculate_sma', 'manual__2025-12-19T03:56:33.013375+00:00', '--job-id', '4', '--raw', '--subdir', 'DAGS_FOLDER/stock_etl_dag.py', '--cfg-path', '/tmp/tmpfh9rz_yb']
[2025-12-19T03:56:41.045+0000] {standard_task_runner.py:91} INFO - Job 4: Subtask transform_data_calculate_sma
[2025-12-19T03:56:41.065+0000] {logging_mixin.py:188} WARNING - /home/***/.local/lib/python3.12/site-packages/***/settings.py:195 DeprecationWarning: The sql_alchemy_conn option in [core] has been moved to the sql_alchemy_conn option in [database] - the old setting has been used, but please update your config.
[2025-12-19T03:56:41.127+0000] {task_command.py:426} INFO - Running <TaskInstance: stock_price_etl_pipeline.transform_data_calculate_sma manual__2025-12-19T03:56:33.013375+00:00 [running]> on host bd2320aa3988
[2025-12-19T03:56:41.238+0000] {taskinstance.py:2648} INFO - Exporting env vars: AIRFLOW_CTX_DAG_OWNER='***' AIRFLOW_CTX_DAG_ID='stock_price_etl_pipeline' AIRFLOW_CTX_TASK_ID='transform_data_calculate_sma' AIRFLOW_CTX_EXECUTION_DATE='2025-12-19T03:56:33.013375+00:00' AIRFLOW_CTX_TRY_NUMBER='1' AIRFLOW_CTX_DAG_RUN_ID='manual__2025-12-19T03:56:33.013375+00:00'
[2025-12-19T03:56:41.240+0000] {taskinstance.py:430} INFO - ::endgroup::
[2025-12-19T03:56:41.271+0000] {logging_mixin.py:188} INFO - Starting data transformation...
[2025-12-19T03:56:41.272+0000] {logging_mixin.py:188} INFO - Processing data for AAPL...
[2025-12-19T03:56:41.299+0000] {logging_mixin.py:188} INFO - Processing data for MSFT...
[2025-12-19T03:56:41.314+0000] {logging_mixin.py:188} INFO - Processing data for GOOGL...
[2025-12-19T03:56:41.331+0000] {logging_mixin.py:188} INFO - Transformation complete.
[2025-12-19T03:56:41.331+0000] {python.py:237} INFO - Done. Returned value was:             Date Ticker       Close      SMA_50     SMA_200
0     2023-12-19   AAPL  195.097519         NaN         NaN
1     2023-12-20   AAPL  193.007263         NaN         NaN
2     2023-12-21   AAPL  192.858658         NaN         NaN
3     2023-12-22   AAPL  191.788773         NaN         NaN
4     2023-12-26   AAPL  191.243881         NaN         NaN
...          ...    ...         ...         ...         ...
1501  2025-12-12  GOOGL  309.290009  281.494447  208.546646
1502  2025-12-15  GOOGL  308.220001  282.755055  209.239667
1503  2025-12-16  GOOGL  306.570007  283.881129  209.940725
1504  2025-12-17  GOOGL  296.720001  284.903542  210.573059
1505  2025-12-18  GOOGL  302.459991  286.063540  211.223634

[1506 rows x 5 columns]
[2025-12-19T03:56:41.346+0000] {taskinstance.py:441} INFO - ::group::Post task execution logs
[2025-12-19T03:56:41.491+0000] {taskinstance.py:1206} INFO - Marking task as SUCCESS. dag_id=stock_price_etl_pipeline, task_id=transform_data_calculate_sma, run_id=manual__2025-12-19T03:56:33.013375+00:00, execution_date=20251219T035633, start_date=20251219T035641, end_date=20251219T035641
[2025-12-19T03:56:41.541+0000] {local_task_job_runner.py:243} INFO - Task exited with return code 0
[2025-12-19T03:56:41.562+0000] {taskinstance.py:3503} INFO - 1 downstream tasks scheduled from follow-on schedule check
[2025-12-19T03:56:41.569+0000] {local_task_job_runner.py:222} INFO - ::endgroup::
