[2025-12-19T03:52:24.338+0000] {processor.py:161} INFO - Started process (PID=164) to work on /opt/airflow/dags/stock_etl_dag.py
[2025-12-19T03:52:24.340+0000] {processor.py:830} INFO - Processing file /opt/airflow/dags/stock_etl_dag.py for tasks to queue
[2025-12-19T03:52:24.343+0000] {logging_mixin.py:188} INFO - [2025-12-19T03:52:24.342+0000] {dagbag.py:545} INFO - Filling up the DagBag from /opt/airflow/dags/stock_etl_dag.py
[2025-12-19T03:52:24.383+0000] {logging_mixin.py:188} INFO - [2025-12-19T03:52:24.371+0000] {dagbag.py:355} ERROR - Failed to import: /opt/airflow/dags/stock_etl_dag.py
Traceback (most recent call last):
  File "/home/airflow/.local/lib/python3.12/site-packages/airflow/models/dagbag.py", line 351, in parse
    loader.exec_module(new_module)
  File "<frozen importlib._bootstrap_external>", line 995, in exec_module
  File "<frozen importlib._bootstrap>", line 488, in _call_with_frames_removed
  File "/opt/airflow/dags/stock_etl_dag.py", line 5, in <module>
    import airflow.sdk
ModuleNotFoundError: No module named 'airflow.sdk'
[2025-12-19T03:52:24.388+0000] {processor.py:842} WARNING - No viable dags retrieved from /opt/airflow/dags/stock_etl_dag.py
[2025-12-19T03:52:24.436+0000] {processor.py:183} INFO - Processing /opt/airflow/dags/stock_etl_dag.py took 0.110 seconds
[2025-12-19T03:52:54.702+0000] {processor.py:161} INFO - Started process (PID=169) to work on /opt/airflow/dags/stock_etl_dag.py
[2025-12-19T03:52:54.703+0000] {processor.py:830} INFO - Processing file /opt/airflow/dags/stock_etl_dag.py for tasks to queue
[2025-12-19T03:52:54.706+0000] {logging_mixin.py:188} INFO - [2025-12-19T03:52:54.706+0000] {dagbag.py:545} INFO - Filling up the DagBag from /opt/airflow/dags/stock_etl_dag.py
[2025-12-19T03:52:54.739+0000] {logging_mixin.py:188} INFO - [2025-12-19T03:52:54.730+0000] {dagbag.py:355} ERROR - Failed to import: /opt/airflow/dags/stock_etl_dag.py
Traceback (most recent call last):
  File "/home/airflow/.local/lib/python3.12/site-packages/airflow/models/dagbag.py", line 351, in parse
    loader.exec_module(new_module)
  File "<frozen importlib._bootstrap_external>", line 995, in exec_module
  File "<frozen importlib._bootstrap>", line 488, in _call_with_frames_removed
  File "/opt/airflow/dags/stock_etl_dag.py", line 5, in <module>
    import airflow.sdk
ModuleNotFoundError: No module named 'airflow.sdk'
[2025-12-19T03:52:54.742+0000] {processor.py:842} WARNING - No viable dags retrieved from /opt/airflow/dags/stock_etl_dag.py
[2025-12-19T03:52:54.777+0000] {processor.py:183} INFO - Processing /opt/airflow/dags/stock_etl_dag.py took 0.086 seconds
[2025-12-19T03:53:24.130+0000] {processor.py:161} INFO - Started process (PID=174) to work on /opt/airflow/dags/stock_etl_dag.py
[2025-12-19T03:53:24.131+0000] {processor.py:830} INFO - Processing file /opt/airflow/dags/stock_etl_dag.py for tasks to queue
[2025-12-19T03:53:24.136+0000] {logging_mixin.py:188} INFO - [2025-12-19T03:53:24.135+0000] {dagbag.py:545} INFO - Filling up the DagBag from /opt/airflow/dags/stock_etl_dag.py
[2025-12-19T03:53:24.194+0000] {logging_mixin.py:188} INFO - [2025-12-19T03:53:24.186+0000] {dagbag.py:355} ERROR - Failed to import: /opt/airflow/dags/stock_etl_dag.py
Traceback (most recent call last):
  File "/home/airflow/.local/lib/python3.12/site-packages/airflow/models/dagbag.py", line 351, in parse
    loader.exec_module(new_module)
  File "<frozen importlib._bootstrap_external>", line 995, in exec_module
  File "<frozen importlib._bootstrap>", line 488, in _call_with_frames_removed
  File "/opt/airflow/dags/stock_etl_dag.py", line 6, in <module>
    from airflow.providers.standard.operators.python import PythonOperator
ModuleNotFoundError: No module named 'airflow.providers.standard'
[2025-12-19T03:53:24.197+0000] {processor.py:842} WARNING - No viable dags retrieved from /opt/airflow/dags/stock_etl_dag.py
[2025-12-19T03:53:24.225+0000] {processor.py:183} INFO - Processing /opt/airflow/dags/stock_etl_dag.py took 0.105 seconds
[2025-12-19T03:53:54.573+0000] {processor.py:161} INFO - Started process (PID=179) to work on /opt/airflow/dags/stock_etl_dag.py
[2025-12-19T03:53:54.575+0000] {processor.py:830} INFO - Processing file /opt/airflow/dags/stock_etl_dag.py for tasks to queue
[2025-12-19T03:53:54.577+0000] {logging_mixin.py:188} INFO - [2025-12-19T03:53:54.577+0000] {dagbag.py:545} INFO - Filling up the DagBag from /opt/airflow/dags/stock_etl_dag.py
[2025-12-19T03:53:54.607+0000] {logging_mixin.py:188} INFO - [2025-12-19T03:53:54.602+0000] {dagbag.py:355} ERROR - Failed to import: /opt/airflow/dags/stock_etl_dag.py
Traceback (most recent call last):
  File "/home/airflow/.local/lib/python3.12/site-packages/airflow/models/dagbag.py", line 351, in parse
    loader.exec_module(new_module)
  File "<frozen importlib._bootstrap_external>", line 995, in exec_module
  File "<frozen importlib._bootstrap>", line 488, in _call_with_frames_removed
  File "/opt/airflow/dags/stock_etl_dag.py", line 6, in <module>
    from airflow.providers.standard.operators.python import PythonOperator
ModuleNotFoundError: No module named 'airflow.providers.standard'
[2025-12-19T03:53:54.609+0000] {processor.py:842} WARNING - No viable dags retrieved from /opt/airflow/dags/stock_etl_dag.py
[2025-12-19T03:53:54.642+0000] {processor.py:183} INFO - Processing /opt/airflow/dags/stock_etl_dag.py took 0.077 seconds
[2025-12-19T03:53:55.627+0000] {processor.py:161} INFO - Started process (PID=184) to work on /opt/airflow/dags/stock_etl_dag.py
[2025-12-19T03:53:55.628+0000] {processor.py:830} INFO - Processing file /opt/airflow/dags/stock_etl_dag.py for tasks to queue
[2025-12-19T03:53:55.634+0000] {logging_mixin.py:188} INFO - [2025-12-19T03:53:55.633+0000] {dagbag.py:545} INFO - Filling up the DagBag from /opt/airflow/dags/stock_etl_dag.py
[2025-12-19T03:53:58.217+0000] {processor.py:840} INFO - DAG(s) 'stock_price_etl_pipeline' retrieved from /opt/airflow/dags/stock_etl_dag.py
[2025-12-19T03:53:58.494+0000] {logging_mixin.py:188} INFO - [2025-12-19T03:53:58.493+0000] {override.py:1858} INFO - Created Permission View: can delete on DAG:stock_price_etl_pipeline
[2025-12-19T03:53:58.510+0000] {logging_mixin.py:188} INFO - [2025-12-19T03:53:58.510+0000] {override.py:1858} INFO - Created Permission View: can edit on DAG:stock_price_etl_pipeline
[2025-12-19T03:53:58.523+0000] {logging_mixin.py:188} INFO - [2025-12-19T03:53:58.523+0000] {override.py:1858} INFO - Created Permission View: can read on DAG:stock_price_etl_pipeline
[2025-12-19T03:53:58.524+0000] {logging_mixin.py:188} INFO - [2025-12-19T03:53:58.524+0000] {dag.py:3089} INFO - Sync 1 DAGs
[2025-12-19T03:53:58.535+0000] {logging_mixin.py:188} INFO - [2025-12-19T03:53:58.534+0000] {dag.py:3111} INFO - Creating ORM DAG for stock_price_etl_pipeline
[2025-12-19T03:53:58.536+0000] {logging_mixin.py:188} INFO - [2025-12-19T03:53:58.536+0000] {dag.py:3947} INFO - Setting next_dagrun for stock_price_etl_pipeline to None, run_after=None
[2025-12-19T03:53:58.575+0000] {processor.py:183} INFO - Processing /opt/airflow/dags/stock_etl_dag.py took 2.956 seconds
[2025-12-19T03:54:29.051+0000] {processor.py:161} INFO - Started process (PID=190) to work on /opt/airflow/dags/stock_etl_dag.py
[2025-12-19T03:54:29.053+0000] {processor.py:830} INFO - Processing file /opt/airflow/dags/stock_etl_dag.py for tasks to queue
[2025-12-19T03:54:29.057+0000] {logging_mixin.py:188} INFO - [2025-12-19T03:54:29.056+0000] {dagbag.py:545} INFO - Filling up the DagBag from /opt/airflow/dags/stock_etl_dag.py
[2025-12-19T03:54:30.045+0000] {processor.py:840} INFO - DAG(s) 'stock_price_etl_pipeline' retrieved from /opt/airflow/dags/stock_etl_dag.py
[2025-12-19T03:54:30.079+0000] {logging_mixin.py:188} INFO - [2025-12-19T03:54:30.078+0000] {dag.py:3089} INFO - Sync 1 DAGs
[2025-12-19T03:54:30.090+0000] {logging_mixin.py:188} INFO - [2025-12-19T03:54:30.090+0000] {dag.py:3947} INFO - Setting next_dagrun for stock_price_etl_pipeline to None, run_after=None
[2025-12-19T03:54:30.140+0000] {processor.py:183} INFO - Processing /opt/airflow/dags/stock_etl_dag.py took 1.101 seconds
[2025-12-19T03:54:44.224+0000] {processor.py:161} INFO - Started process (PID=196) to work on /opt/airflow/dags/stock_etl_dag.py
[2025-12-19T03:54:44.226+0000] {processor.py:830} INFO - Processing file /opt/airflow/dags/stock_etl_dag.py for tasks to queue
[2025-12-19T03:54:44.229+0000] {logging_mixin.py:188} INFO - [2025-12-19T03:54:44.229+0000] {dagbag.py:545} INFO - Filling up the DagBag from /opt/airflow/dags/stock_etl_dag.py
[2025-12-19T03:54:45.331+0000] {processor.py:840} INFO - DAG(s) 'stock_price_etl_pipeline' retrieved from /opt/airflow/dags/stock_etl_dag.py
[2025-12-19T03:54:45.357+0000] {logging_mixin.py:188} INFO - [2025-12-19T03:54:45.357+0000] {dag.py:3089} INFO - Sync 1 DAGs
[2025-12-19T03:54:45.370+0000] {logging_mixin.py:188} INFO - [2025-12-19T03:54:45.370+0000] {dag.py:3947} INFO - Setting next_dagrun for stock_price_etl_pipeline to None, run_after=None
[2025-12-19T03:54:45.402+0000] {processor.py:183} INFO - Processing /opt/airflow/dags/stock_etl_dag.py took 1.190 seconds
[2025-12-19T03:55:15.593+0000] {processor.py:161} INFO - Started process (PID=202) to work on /opt/airflow/dags/stock_etl_dag.py
[2025-12-19T03:55:15.594+0000] {processor.py:830} INFO - Processing file /opt/airflow/dags/stock_etl_dag.py for tasks to queue
[2025-12-19T03:55:15.597+0000] {logging_mixin.py:188} INFO - [2025-12-19T03:55:15.596+0000] {dagbag.py:545} INFO - Filling up the DagBag from /opt/airflow/dags/stock_etl_dag.py
[2025-12-19T03:55:16.419+0000] {processor.py:840} INFO - DAG(s) 'stock_price_etl_pipeline' retrieved from /opt/airflow/dags/stock_etl_dag.py
[2025-12-19T03:55:16.451+0000] {logging_mixin.py:188} INFO - [2025-12-19T03:55:16.448+0000] {dag.py:3089} INFO - Sync 1 DAGs
[2025-12-19T03:55:16.476+0000] {logging_mixin.py:188} INFO - [2025-12-19T03:55:16.475+0000] {dag.py:3947} INFO - Setting next_dagrun for stock_price_etl_pipeline to None, run_after=None
[2025-12-19T03:55:16.522+0000] {processor.py:183} INFO - Processing /opt/airflow/dags/stock_etl_dag.py took 0.937 seconds
[2025-12-19T03:55:46.970+0000] {processor.py:161} INFO - Started process (PID=208) to work on /opt/airflow/dags/stock_etl_dag.py
[2025-12-19T03:55:46.972+0000] {processor.py:830} INFO - Processing file /opt/airflow/dags/stock_etl_dag.py for tasks to queue
[2025-12-19T03:55:46.974+0000] {logging_mixin.py:188} INFO - [2025-12-19T03:55:46.974+0000] {dagbag.py:545} INFO - Filling up the DagBag from /opt/airflow/dags/stock_etl_dag.py
[2025-12-19T03:55:47.762+0000] {processor.py:840} INFO - DAG(s) 'stock_price_etl_pipeline' retrieved from /opt/airflow/dags/stock_etl_dag.py
[2025-12-19T03:55:47.788+0000] {logging_mixin.py:188} INFO - [2025-12-19T03:55:47.788+0000] {dag.py:3089} INFO - Sync 1 DAGs
[2025-12-19T03:55:47.799+0000] {logging_mixin.py:188} INFO - [2025-12-19T03:55:47.799+0000] {dag.py:3947} INFO - Setting next_dagrun for stock_price_etl_pipeline to None, run_after=None
[2025-12-19T03:55:47.824+0000] {processor.py:183} INFO - Processing /opt/airflow/dags/stock_etl_dag.py took 0.872 seconds
[2025-12-19T03:56:18.320+0000] {processor.py:161} INFO - Started process (PID=214) to work on /opt/airflow/dags/stock_etl_dag.py
[2025-12-19T03:56:18.322+0000] {processor.py:830} INFO - Processing file /opt/airflow/dags/stock_etl_dag.py for tasks to queue
[2025-12-19T03:56:18.327+0000] {logging_mixin.py:188} INFO - [2025-12-19T03:56:18.326+0000] {dagbag.py:545} INFO - Filling up the DagBag from /opt/airflow/dags/stock_etl_dag.py
[2025-12-19T03:56:19.206+0000] {processor.py:840} INFO - DAG(s) 'stock_price_etl_pipeline' retrieved from /opt/airflow/dags/stock_etl_dag.py
[2025-12-19T03:56:19.236+0000] {logging_mixin.py:188} INFO - [2025-12-19T03:56:19.235+0000] {dag.py:3089} INFO - Sync 1 DAGs
[2025-12-19T03:56:19.250+0000] {logging_mixin.py:188} INFO - [2025-12-19T03:56:19.250+0000] {dag.py:3947} INFO - Setting next_dagrun for stock_price_etl_pipeline to None, run_after=None
[2025-12-19T03:56:19.286+0000] {processor.py:183} INFO - Processing /opt/airflow/dags/stock_etl_dag.py took 0.979 seconds
[2025-12-19T03:56:49.738+0000] {processor.py:161} INFO - Started process (PID=245) to work on /opt/airflow/dags/stock_etl_dag.py
[2025-12-19T03:56:49.739+0000] {processor.py:830} INFO - Processing file /opt/airflow/dags/stock_etl_dag.py for tasks to queue
[2025-12-19T03:56:49.742+0000] {logging_mixin.py:188} INFO - [2025-12-19T03:56:49.741+0000] {dagbag.py:545} INFO - Filling up the DagBag from /opt/airflow/dags/stock_etl_dag.py
[2025-12-19T03:56:50.653+0000] {processor.py:840} INFO - DAG(s) 'stock_price_etl_pipeline' retrieved from /opt/airflow/dags/stock_etl_dag.py
[2025-12-19T03:56:50.677+0000] {logging_mixin.py:188} INFO - [2025-12-19T03:56:50.677+0000] {dag.py:3089} INFO - Sync 1 DAGs
[2025-12-19T03:56:50.688+0000] {logging_mixin.py:188} INFO - [2025-12-19T03:56:50.687+0000] {dag.py:3947} INFO - Setting next_dagrun for stock_price_etl_pipeline to None, run_after=None
[2025-12-19T03:56:50.717+0000] {processor.py:183} INFO - Processing /opt/airflow/dags/stock_etl_dag.py took 0.992 seconds
[2025-12-19T03:57:21.168+0000] {processor.py:161} INFO - Started process (PID=251) to work on /opt/airflow/dags/stock_etl_dag.py
[2025-12-19T03:57:21.169+0000] {processor.py:830} INFO - Processing file /opt/airflow/dags/stock_etl_dag.py for tasks to queue
[2025-12-19T03:57:21.171+0000] {logging_mixin.py:188} INFO - [2025-12-19T03:57:21.171+0000] {dagbag.py:545} INFO - Filling up the DagBag from /opt/airflow/dags/stock_etl_dag.py
[2025-12-19T03:57:21.981+0000] {processor.py:840} INFO - DAG(s) 'stock_price_etl_pipeline' retrieved from /opt/airflow/dags/stock_etl_dag.py
[2025-12-19T03:57:22.009+0000] {logging_mixin.py:188} INFO - [2025-12-19T03:57:22.009+0000] {dag.py:3089} INFO - Sync 1 DAGs
[2025-12-19T03:57:22.023+0000] {logging_mixin.py:188} INFO - [2025-12-19T03:57:22.022+0000] {dag.py:3947} INFO - Setting next_dagrun for stock_price_etl_pipeline to None, run_after=None
[2025-12-19T03:57:22.060+0000] {processor.py:183} INFO - Processing /opt/airflow/dags/stock_etl_dag.py took 0.901 seconds
[2025-12-19T03:57:52.623+0000] {processor.py:161} INFO - Started process (PID=257) to work on /opt/airflow/dags/stock_etl_dag.py
[2025-12-19T03:57:52.624+0000] {processor.py:830} INFO - Processing file /opt/airflow/dags/stock_etl_dag.py for tasks to queue
[2025-12-19T03:57:52.628+0000] {logging_mixin.py:188} INFO - [2025-12-19T03:57:52.628+0000] {dagbag.py:545} INFO - Filling up the DagBag from /opt/airflow/dags/stock_etl_dag.py
[2025-12-19T03:57:53.581+0000] {processor.py:840} INFO - DAG(s) 'stock_price_etl_pipeline' retrieved from /opt/airflow/dags/stock_etl_dag.py
[2025-12-19T03:57:53.616+0000] {logging_mixin.py:188} INFO - [2025-12-19T03:57:53.615+0000] {dag.py:3089} INFO - Sync 1 DAGs
[2025-12-19T03:57:53.631+0000] {logging_mixin.py:188} INFO - [2025-12-19T03:57:53.630+0000] {dag.py:3947} INFO - Setting next_dagrun for stock_price_etl_pipeline to None, run_after=None
[2025-12-19T03:57:53.663+0000] {processor.py:183} INFO - Processing /opt/airflow/dags/stock_etl_dag.py took 1.053 seconds
[2025-12-19T03:58:23.945+0000] {processor.py:161} INFO - Started process (PID=263) to work on /opt/airflow/dags/stock_etl_dag.py
[2025-12-19T03:58:23.947+0000] {processor.py:830} INFO - Processing file /opt/airflow/dags/stock_etl_dag.py for tasks to queue
[2025-12-19T03:58:23.949+0000] {logging_mixin.py:188} INFO - [2025-12-19T03:58:23.949+0000] {dagbag.py:545} INFO - Filling up the DagBag from /opt/airflow/dags/stock_etl_dag.py
[2025-12-19T03:58:24.878+0000] {processor.py:840} INFO - DAG(s) 'stock_price_etl_pipeline' retrieved from /opt/airflow/dags/stock_etl_dag.py
[2025-12-19T03:58:24.907+0000] {logging_mixin.py:188} INFO - [2025-12-19T03:58:24.906+0000] {dag.py:3089} INFO - Sync 1 DAGs
[2025-12-19T03:58:24.920+0000] {logging_mixin.py:188} INFO - [2025-12-19T03:58:24.919+0000] {dag.py:3947} INFO - Setting next_dagrun for stock_price_etl_pipeline to None, run_after=None
[2025-12-19T03:58:24.950+0000] {processor.py:183} INFO - Processing /opt/airflow/dags/stock_etl_dag.py took 1.016 seconds
[2025-12-19T03:58:55.388+0000] {processor.py:161} INFO - Started process (PID=269) to work on /opt/airflow/dags/stock_etl_dag.py
[2025-12-19T03:58:55.390+0000] {processor.py:830} INFO - Processing file /opt/airflow/dags/stock_etl_dag.py for tasks to queue
[2025-12-19T03:58:55.392+0000] {logging_mixin.py:188} INFO - [2025-12-19T03:58:55.392+0000] {dagbag.py:545} INFO - Filling up the DagBag from /opt/airflow/dags/stock_etl_dag.py
[2025-12-19T03:58:56.333+0000] {processor.py:840} INFO - DAG(s) 'stock_price_etl_pipeline' retrieved from /opt/airflow/dags/stock_etl_dag.py
[2025-12-19T03:58:56.359+0000] {logging_mixin.py:188} INFO - [2025-12-19T03:58:56.358+0000] {dag.py:3089} INFO - Sync 1 DAGs
[2025-12-19T03:58:56.369+0000] {logging_mixin.py:188} INFO - [2025-12-19T03:58:56.369+0000] {dag.py:3947} INFO - Setting next_dagrun for stock_price_etl_pipeline to None, run_after=None
[2025-12-19T03:58:56.394+0000] {processor.py:183} INFO - Processing /opt/airflow/dags/stock_etl_dag.py took 1.027 seconds
[2025-12-19T03:59:26.797+0000] {processor.py:161} INFO - Started process (PID=275) to work on /opt/airflow/dags/stock_etl_dag.py
[2025-12-19T03:59:26.798+0000] {processor.py:830} INFO - Processing file /opt/airflow/dags/stock_etl_dag.py for tasks to queue
[2025-12-19T03:59:26.801+0000] {logging_mixin.py:188} INFO - [2025-12-19T03:59:26.801+0000] {dagbag.py:545} INFO - Filling up the DagBag from /opt/airflow/dags/stock_etl_dag.py
[2025-12-19T03:59:27.676+0000] {processor.py:840} INFO - DAG(s) 'stock_price_etl_pipeline' retrieved from /opt/airflow/dags/stock_etl_dag.py
[2025-12-19T03:59:27.706+0000] {logging_mixin.py:188} INFO - [2025-12-19T03:59:27.706+0000] {dag.py:3089} INFO - Sync 1 DAGs
[2025-12-19T03:59:27.716+0000] {logging_mixin.py:188} INFO - [2025-12-19T03:59:27.716+0000] {dag.py:3947} INFO - Setting next_dagrun for stock_price_etl_pipeline to None, run_after=None
[2025-12-19T03:59:27.742+0000] {processor.py:183} INFO - Processing /opt/airflow/dags/stock_etl_dag.py took 0.970 seconds
[2025-12-19T03:59:58.092+0000] {processor.py:161} INFO - Started process (PID=281) to work on /opt/airflow/dags/stock_etl_dag.py
[2025-12-19T03:59:58.093+0000] {processor.py:830} INFO - Processing file /opt/airflow/dags/stock_etl_dag.py for tasks to queue
[2025-12-19T03:59:58.096+0000] {logging_mixin.py:188} INFO - [2025-12-19T03:59:58.096+0000] {dagbag.py:545} INFO - Filling up the DagBag from /opt/airflow/dags/stock_etl_dag.py
[2025-12-19T03:59:59.049+0000] {processor.py:840} INFO - DAG(s) 'stock_price_etl_pipeline' retrieved from /opt/airflow/dags/stock_etl_dag.py
[2025-12-19T03:59:59.079+0000] {logging_mixin.py:188} INFO - [2025-12-19T03:59:59.078+0000] {dag.py:3089} INFO - Sync 1 DAGs
[2025-12-19T03:59:59.092+0000] {logging_mixin.py:188} INFO - [2025-12-19T03:59:59.092+0000] {dag.py:3947} INFO - Setting next_dagrun for stock_price_etl_pipeline to None, run_after=None
[2025-12-19T03:59:59.121+0000] {processor.py:183} INFO - Processing /opt/airflow/dags/stock_etl_dag.py took 1.039 seconds
[2025-12-19T04:00:29.428+0000] {processor.py:161} INFO - Started process (PID=287) to work on /opt/airflow/dags/stock_etl_dag.py
[2025-12-19T04:00:29.430+0000] {processor.py:830} INFO - Processing file /opt/airflow/dags/stock_etl_dag.py for tasks to queue
[2025-12-19T04:00:29.432+0000] {logging_mixin.py:188} INFO - [2025-12-19T04:00:29.431+0000] {dagbag.py:545} INFO - Filling up the DagBag from /opt/airflow/dags/stock_etl_dag.py
[2025-12-19T04:00:30.232+0000] {processor.py:840} INFO - DAG(s) 'stock_price_etl_pipeline' retrieved from /opt/airflow/dags/stock_etl_dag.py
[2025-12-19T04:00:30.260+0000] {logging_mixin.py:188} INFO - [2025-12-19T04:00:30.259+0000] {dag.py:3089} INFO - Sync 1 DAGs
[2025-12-19T04:00:30.273+0000] {logging_mixin.py:188} INFO - [2025-12-19T04:00:30.272+0000] {dag.py:3947} INFO - Setting next_dagrun for stock_price_etl_pipeline to None, run_after=None
[2025-12-19T04:00:30.300+0000] {processor.py:183} INFO - Processing /opt/airflow/dags/stock_etl_dag.py took 0.884 seconds
[2025-12-19T04:01:00.743+0000] {processor.py:161} INFO - Started process (PID=293) to work on /opt/airflow/dags/stock_etl_dag.py
[2025-12-19T04:01:00.744+0000] {processor.py:830} INFO - Processing file /opt/airflow/dags/stock_etl_dag.py for tasks to queue
[2025-12-19T04:01:00.747+0000] {logging_mixin.py:188} INFO - [2025-12-19T04:01:00.747+0000] {dagbag.py:545} INFO - Filling up the DagBag from /opt/airflow/dags/stock_etl_dag.py
[2025-12-19T04:01:00.838+0000] {logging_mixin.py:188} INFO - [2025-12-19T04:01:00.825+0000] {dagbag.py:355} ERROR - Failed to import: /opt/airflow/dags/stock_etl_dag.py
Traceback (most recent call last):
  File "/home/airflow/.local/lib/python3.12/site-packages/airflow/models/dagbag.py", line 351, in parse
    loader.exec_module(new_module)
  File "<frozen importlib._bootstrap_external>", line 995, in exec_module
  File "<frozen importlib._bootstrap>", line 488, in _call_with_frames_removed
  File "/opt/airflow/dags/stock_etl_dag.py", line 12, in <module>
    from src.db_utils import initialize_database
  File "/opt/airflow/src/db_utils.py", line 2, in <module>
    from src.sql_definitions import ALL_CREATE_QUERIES, DB_PATH
ImportError: cannot import name 'DB_PATH' from 'src.sql_definitions' (/opt/airflow/src/sql_definitions.py)
[2025-12-19T04:01:00.842+0000] {processor.py:842} WARNING - No viable dags retrieved from /opt/airflow/dags/stock_etl_dag.py
[2025-12-19T04:01:00.868+0000] {processor.py:183} INFO - Processing /opt/airflow/dags/stock_etl_dag.py took 0.134 seconds
[2025-12-19T04:01:31.228+0000] {processor.py:161} INFO - Started process (PID=298) to work on /opt/airflow/dags/stock_etl_dag.py
[2025-12-19T04:01:31.229+0000] {processor.py:830} INFO - Processing file /opt/airflow/dags/stock_etl_dag.py for tasks to queue
[2025-12-19T04:01:31.231+0000] {logging_mixin.py:188} INFO - [2025-12-19T04:01:31.231+0000] {dagbag.py:545} INFO - Filling up the DagBag from /opt/airflow/dags/stock_etl_dag.py
[2025-12-19T04:01:31.318+0000] {logging_mixin.py:188} INFO - [2025-12-19T04:01:31.299+0000] {dagbag.py:355} ERROR - Failed to import: /opt/airflow/dags/stock_etl_dag.py
Traceback (most recent call last):
  File "/home/airflow/.local/lib/python3.12/site-packages/airflow/models/dagbag.py", line 351, in parse
    loader.exec_module(new_module)
  File "<frozen importlib._bootstrap_external>", line 995, in exec_module
  File "<frozen importlib._bootstrap>", line 488, in _call_with_frames_removed
  File "/opt/airflow/dags/stock_etl_dag.py", line 12, in <module>
    from src.db_utils import initialize_database
  File "/opt/airflow/src/db_utils.py", line 2, in <module>
    from src.sql_definitions import ALL_CREATE_QUERIES, DB_PATH
ImportError: cannot import name 'DB_PATH' from 'src.sql_definitions' (/opt/airflow/src/sql_definitions.py)
[2025-12-19T04:01:31.323+0000] {processor.py:842} WARNING - No viable dags retrieved from /opt/airflow/dags/stock_etl_dag.py
[2025-12-19T04:01:31.354+0000] {processor.py:183} INFO - Processing /opt/airflow/dags/stock_etl_dag.py took 0.137 seconds
[2025-12-19T04:02:01.656+0000] {processor.py:161} INFO - Started process (PID=303) to work on /opt/airflow/dags/stock_etl_dag.py
[2025-12-19T04:02:01.659+0000] {processor.py:830} INFO - Processing file /opt/airflow/dags/stock_etl_dag.py for tasks to queue
[2025-12-19T04:02:01.663+0000] {logging_mixin.py:188} INFO - [2025-12-19T04:02:01.662+0000] {dagbag.py:545} INFO - Filling up the DagBag from /opt/airflow/dags/stock_etl_dag.py
[2025-12-19T04:02:01.709+0000] {logging_mixin.py:188} INFO - [2025-12-19T04:02:01.702+0000] {dagbag.py:355} ERROR - Failed to import: /opt/airflow/dags/stock_etl_dag.py
Traceback (most recent call last):
  File "/home/airflow/.local/lib/python3.12/site-packages/airflow/models/dagbag.py", line 351, in parse
    loader.exec_module(new_module)
  File "<frozen importlib._bootstrap_external>", line 995, in exec_module
  File "<frozen importlib._bootstrap>", line 488, in _call_with_frames_removed
  File "/opt/airflow/dags/stock_etl_dag.py", line 12, in <module>
    from src.db_utils import initialize_database
  File "/opt/airflow/src/db_utils.py", line 2, in <module>
    from src.sql_definitions import ALL_CREATE_QUERIES, DB_PATH
ImportError: cannot import name 'DB_PATH' from 'src.sql_definitions' (/opt/airflow/src/sql_definitions.py)
[2025-12-19T04:02:01.713+0000] {processor.py:842} WARNING - No viable dags retrieved from /opt/airflow/dags/stock_etl_dag.py
[2025-12-19T04:02:01.737+0000] {processor.py:183} INFO - Processing /opt/airflow/dags/stock_etl_dag.py took 0.090 seconds
[2025-12-19T04:02:32.081+0000] {processor.py:161} INFO - Started process (PID=308) to work on /opt/airflow/dags/stock_etl_dag.py
[2025-12-19T04:02:32.082+0000] {processor.py:830} INFO - Processing file /opt/airflow/dags/stock_etl_dag.py for tasks to queue
[2025-12-19T04:02:32.083+0000] {logging_mixin.py:188} INFO - [2025-12-19T04:02:32.083+0000] {dagbag.py:545} INFO - Filling up the DagBag from /opt/airflow/dags/stock_etl_dag.py
[2025-12-19T04:02:33.250+0000] {logging_mixin.py:188} INFO - [2025-12-19T04:02:33.238+0000] {dagbag.py:355} ERROR - Failed to import: /opt/airflow/dags/stock_etl_dag.py
Traceback (most recent call last):
  File "/home/airflow/.local/lib/python3.12/site-packages/airflow/models/dagbag.py", line 351, in parse
    loader.exec_module(new_module)
  File "<frozen importlib._bootstrap_external>", line 995, in exec_module
  File "<frozen importlib._bootstrap>", line 488, in _call_with_frames_removed
  File "/opt/airflow/dags/stock_etl_dag.py", line 13, in <module>
    from src.extract import fetch_and_load_data, TICKERS
  File "/opt/airflow/src/extract.py", line 6, in <module>
    from src.sql_definitions import DB_PATH, CREATE_RAW_STOCK_TABLE, INSERT_RAW_STOCK_DATA
ImportError: cannot import name 'DB_PATH' from 'src.sql_definitions' (/opt/airflow/src/sql_definitions.py)
[2025-12-19T04:02:33.253+0000] {processor.py:842} WARNING - No viable dags retrieved from /opt/airflow/dags/stock_etl_dag.py
[2025-12-19T04:02:33.279+0000] {processor.py:183} INFO - Processing /opt/airflow/dags/stock_etl_dag.py took 1.214 seconds
[2025-12-19T04:05:18.342+0000] {processor.py:161} INFO - Started process (PID=165) to work on /opt/airflow/dags/stock_etl_dag.py
[2025-12-19T04:05:18.343+0000] {processor.py:830} INFO - Processing file /opt/airflow/dags/stock_etl_dag.py for tasks to queue
[2025-12-19T04:05:18.346+0000] {logging_mixin.py:188} INFO - [2025-12-19T04:05:18.346+0000] {dagbag.py:545} INFO - Filling up the DagBag from /opt/airflow/dags/stock_etl_dag.py
[2025-12-19T04:05:20.716+0000] {logging_mixin.py:188} INFO - [2025-12-19T04:05:20.704+0000] {dagbag.py:355} ERROR - Failed to import: /opt/airflow/dags/stock_etl_dag.py
Traceback (most recent call last):
  File "/home/airflow/.local/lib/python3.12/site-packages/airflow/models/dagbag.py", line 351, in parse
    loader.exec_module(new_module)
  File "<frozen importlib._bootstrap_external>", line 995, in exec_module
  File "<frozen importlib._bootstrap>", line 488, in _call_with_frames_removed
  File "/opt/airflow/dags/stock_etl_dag.py", line 13, in <module>
    from src.extract import fetch_and_load_data, TICKERS
  File "/opt/airflow/src/extract.py", line 6, in <module>
    from src.sql_definitions import DB_PATH, CREATE_RAW_STOCK_TABLE, INSERT_RAW_STOCK_DATA
ImportError: cannot import name 'DB_PATH' from 'src.sql_definitions' (/opt/airflow/src/sql_definitions.py)
[2025-12-19T04:05:20.720+0000] {processor.py:842} WARNING - No viable dags retrieved from /opt/airflow/dags/stock_etl_dag.py
[2025-12-19T04:05:20.751+0000] {processor.py:183} INFO - Processing /opt/airflow/dags/stock_etl_dag.py took 2.418 seconds
[2025-12-19T04:05:51.118+0000] {processor.py:161} INFO - Started process (PID=171) to work on /opt/airflow/dags/stock_etl_dag.py
[2025-12-19T04:05:51.120+0000] {processor.py:830} INFO - Processing file /opt/airflow/dags/stock_etl_dag.py for tasks to queue
[2025-12-19T04:05:51.122+0000] {logging_mixin.py:188} INFO - [2025-12-19T04:05:51.122+0000] {dagbag.py:545} INFO - Filling up the DagBag from /opt/airflow/dags/stock_etl_dag.py
[2025-12-19T04:05:52.021+0000] {logging_mixin.py:188} INFO - [2025-12-19T04:05:52.008+0000] {dagbag.py:355} ERROR - Failed to import: /opt/airflow/dags/stock_etl_dag.py
Traceback (most recent call last):
  File "/home/airflow/.local/lib/python3.12/site-packages/airflow/models/dagbag.py", line 351, in parse
    loader.exec_module(new_module)
  File "<frozen importlib._bootstrap_external>", line 995, in exec_module
  File "<frozen importlib._bootstrap>", line 488, in _call_with_frames_removed
  File "/opt/airflow/dags/stock_etl_dag.py", line 13, in <module>
    from src.extract import fetch_and_load_data, TICKERS
  File "/opt/airflow/src/extract.py", line 6, in <module>
    from src.sql_definitions import DB_PATH, CREATE_RAW_STOCK_TABLE, INSERT_RAW_STOCK_DATA
ImportError: cannot import name 'DB_PATH' from 'src.sql_definitions' (/opt/airflow/src/sql_definitions.py)
[2025-12-19T04:05:52.024+0000] {processor.py:842} WARNING - No viable dags retrieved from /opt/airflow/dags/stock_etl_dag.py
[2025-12-19T04:05:52.052+0000] {processor.py:183} INFO - Processing /opt/airflow/dags/stock_etl_dag.py took 0.943 seconds
[2025-12-19T04:06:22.382+0000] {processor.py:161} INFO - Started process (PID=177) to work on /opt/airflow/dags/stock_etl_dag.py
[2025-12-19T04:06:22.384+0000] {processor.py:830} INFO - Processing file /opt/airflow/dags/stock_etl_dag.py for tasks to queue
[2025-12-19T04:06:22.387+0000] {logging_mixin.py:188} INFO - [2025-12-19T04:06:22.387+0000] {dagbag.py:545} INFO - Filling up the DagBag from /opt/airflow/dags/stock_etl_dag.py
[2025-12-19T04:06:23.312+0000] {logging_mixin.py:188} INFO - [2025-12-19T04:06:23.300+0000] {dagbag.py:355} ERROR - Failed to import: /opt/airflow/dags/stock_etl_dag.py
Traceback (most recent call last):
  File "/home/airflow/.local/lib/python3.12/site-packages/airflow/models/dagbag.py", line 351, in parse
    loader.exec_module(new_module)
  File "<frozen importlib._bootstrap_external>", line 995, in exec_module
  File "<frozen importlib._bootstrap>", line 488, in _call_with_frames_removed
  File "/opt/airflow/dags/stock_etl_dag.py", line 13, in <module>
    from src.extract import fetch_and_load_data, TICKERS
  File "/opt/airflow/src/extract.py", line 6, in <module>
    from src.sql_definitions import DB_PATH, CREATE_RAW_STOCK_TABLE, INSERT_RAW_STOCK_DATA
ImportError: cannot import name 'DB_PATH' from 'src.sql_definitions' (/opt/airflow/src/sql_definitions.py)
[2025-12-19T04:06:23.317+0000] {processor.py:842} WARNING - No viable dags retrieved from /opt/airflow/dags/stock_etl_dag.py
[2025-12-19T04:06:23.345+0000] {processor.py:183} INFO - Processing /opt/airflow/dags/stock_etl_dag.py took 0.970 seconds
[2025-12-19T04:06:53.786+0000] {processor.py:161} INFO - Started process (PID=183) to work on /opt/airflow/dags/stock_etl_dag.py
[2025-12-19T04:06:53.788+0000] {processor.py:830} INFO - Processing file /opt/airflow/dags/stock_etl_dag.py for tasks to queue
[2025-12-19T04:06:53.790+0000] {logging_mixin.py:188} INFO - [2025-12-19T04:06:53.790+0000] {dagbag.py:545} INFO - Filling up the DagBag from /opt/airflow/dags/stock_etl_dag.py
[2025-12-19T04:06:54.663+0000] {logging_mixin.py:188} INFO - [2025-12-19T04:06:54.652+0000] {dagbag.py:355} ERROR - Failed to import: /opt/airflow/dags/stock_etl_dag.py
Traceback (most recent call last):
  File "/home/airflow/.local/lib/python3.12/site-packages/airflow/models/dagbag.py", line 351, in parse
    loader.exec_module(new_module)
  File "<frozen importlib._bootstrap_external>", line 995, in exec_module
  File "<frozen importlib._bootstrap>", line 488, in _call_with_frames_removed
  File "/opt/airflow/dags/stock_etl_dag.py", line 13, in <module>
    from src.extract import fetch_and_load_data, TICKERS
  File "/opt/airflow/src/extract.py", line 6, in <module>
    from src.sql_definitions import DB_PATH, CREATE_RAW_STOCK_TABLE, INSERT_RAW_STOCK_DATA
ImportError: cannot import name 'DB_PATH' from 'src.sql_definitions' (/opt/airflow/src/sql_definitions.py)
[2025-12-19T04:06:54.667+0000] {processor.py:842} WARNING - No viable dags retrieved from /opt/airflow/dags/stock_etl_dag.py
[2025-12-19T04:06:54.699+0000] {processor.py:183} INFO - Processing /opt/airflow/dags/stock_etl_dag.py took 0.922 seconds
[2025-12-19T04:07:25.131+0000] {processor.py:161} INFO - Started process (PID=189) to work on /opt/airflow/dags/stock_etl_dag.py
[2025-12-19T04:07:25.133+0000] {processor.py:830} INFO - Processing file /opt/airflow/dags/stock_etl_dag.py for tasks to queue
[2025-12-19T04:07:25.136+0000] {logging_mixin.py:188} INFO - [2025-12-19T04:07:25.135+0000] {dagbag.py:545} INFO - Filling up the DagBag from /opt/airflow/dags/stock_etl_dag.py
[2025-12-19T04:07:26.011+0000] {logging_mixin.py:188} INFO - [2025-12-19T04:07:25.998+0000] {dagbag.py:355} ERROR - Failed to import: /opt/airflow/dags/stock_etl_dag.py
Traceback (most recent call last):
  File "/home/airflow/.local/lib/python3.12/site-packages/airflow/models/dagbag.py", line 351, in parse
    loader.exec_module(new_module)
  File "<frozen importlib._bootstrap_external>", line 995, in exec_module
  File "<frozen importlib._bootstrap>", line 488, in _call_with_frames_removed
  File "/opt/airflow/dags/stock_etl_dag.py", line 13, in <module>
    from src.extract import fetch_and_load_data, TICKERS
  File "/opt/airflow/src/extract.py", line 6, in <module>
    from src.sql_definitions import DB_PATH, CREATE_RAW_STOCK_TABLE, INSERT_RAW_STOCK_DATA
ImportError: cannot import name 'DB_PATH' from 'src.sql_definitions' (/opt/airflow/src/sql_definitions.py)
[2025-12-19T04:07:26.016+0000] {processor.py:842} WARNING - No viable dags retrieved from /opt/airflow/dags/stock_etl_dag.py
[2025-12-19T04:07:26.038+0000] {processor.py:183} INFO - Processing /opt/airflow/dags/stock_etl_dag.py took 0.917 seconds
[2025-12-19T04:07:56.530+0000] {processor.py:161} INFO - Started process (PID=195) to work on /opt/airflow/dags/stock_etl_dag.py
[2025-12-19T04:07:56.532+0000] {processor.py:830} INFO - Processing file /opt/airflow/dags/stock_etl_dag.py for tasks to queue
[2025-12-19T04:07:56.534+0000] {logging_mixin.py:188} INFO - [2025-12-19T04:07:56.533+0000] {dagbag.py:545} INFO - Filling up the DagBag from /opt/airflow/dags/stock_etl_dag.py
[2025-12-19T04:07:57.377+0000] {logging_mixin.py:188} INFO - [2025-12-19T04:07:57.363+0000] {dagbag.py:355} ERROR - Failed to import: /opt/airflow/dags/stock_etl_dag.py
Traceback (most recent call last):
  File "/home/airflow/.local/lib/python3.12/site-packages/airflow/models/dagbag.py", line 351, in parse
    loader.exec_module(new_module)
  File "<frozen importlib._bootstrap_external>", line 995, in exec_module
  File "<frozen importlib._bootstrap>", line 488, in _call_with_frames_removed
  File "/opt/airflow/dags/stock_etl_dag.py", line 13, in <module>
    from src.extract import fetch_and_load_data, TICKERS
  File "/opt/airflow/src/extract.py", line 6, in <module>
    from src.sql_definitions import DB_PATH, CREATE_RAW_STOCK_TABLE, INSERT_RAW_STOCK_DATA
ImportError: cannot import name 'DB_PATH' from 'src.sql_definitions' (/opt/airflow/src/sql_definitions.py)
[2025-12-19T04:07:57.382+0000] {processor.py:842} WARNING - No viable dags retrieved from /opt/airflow/dags/stock_etl_dag.py
[2025-12-19T04:07:57.404+0000] {processor.py:183} INFO - Processing /opt/airflow/dags/stock_etl_dag.py took 0.881 seconds
[2025-12-19T04:08:27.843+0000] {processor.py:161} INFO - Started process (PID=201) to work on /opt/airflow/dags/stock_etl_dag.py
[2025-12-19T04:08:27.844+0000] {processor.py:830} INFO - Processing file /opt/airflow/dags/stock_etl_dag.py for tasks to queue
[2025-12-19T04:08:27.846+0000] {logging_mixin.py:188} INFO - [2025-12-19T04:08:27.846+0000] {dagbag.py:545} INFO - Filling up the DagBag from /opt/airflow/dags/stock_etl_dag.py
[2025-12-19T04:08:28.711+0000] {logging_mixin.py:188} INFO - [2025-12-19T04:08:28.699+0000] {dagbag.py:355} ERROR - Failed to import: /opt/airflow/dags/stock_etl_dag.py
Traceback (most recent call last):
  File "/home/airflow/.local/lib/python3.12/site-packages/airflow/models/dagbag.py", line 351, in parse
    loader.exec_module(new_module)
  File "<frozen importlib._bootstrap_external>", line 995, in exec_module
  File "<frozen importlib._bootstrap>", line 488, in _call_with_frames_removed
  File "/opt/airflow/dags/stock_etl_dag.py", line 13, in <module>
    from src.extract import fetch_and_load_data, TICKERS
  File "/opt/airflow/src/extract.py", line 6, in <module>
    from src.sql_definitions import DB_PATH, CREATE_RAW_STOCK_TABLE, INSERT_RAW_STOCK_DATA
ImportError: cannot import name 'DB_PATH' from 'src.sql_definitions' (/opt/airflow/src/sql_definitions.py)
[2025-12-19T04:08:28.717+0000] {processor.py:842} WARNING - No viable dags retrieved from /opt/airflow/dags/stock_etl_dag.py
[2025-12-19T04:08:28.741+0000] {processor.py:183} INFO - Processing /opt/airflow/dags/stock_etl_dag.py took 0.905 seconds
[2025-12-19T04:08:59.091+0000] {processor.py:161} INFO - Started process (PID=207) to work on /opt/airflow/dags/stock_etl_dag.py
[2025-12-19T04:08:59.092+0000] {processor.py:830} INFO - Processing file /opt/airflow/dags/stock_etl_dag.py for tasks to queue
[2025-12-19T04:08:59.095+0000] {logging_mixin.py:188} INFO - [2025-12-19T04:08:59.094+0000] {dagbag.py:545} INFO - Filling up the DagBag from /opt/airflow/dags/stock_etl_dag.py
[2025-12-19T04:08:59.944+0000] {logging_mixin.py:188} INFO - [2025-12-19T04:08:59.932+0000] {dagbag.py:355} ERROR - Failed to import: /opt/airflow/dags/stock_etl_dag.py
Traceback (most recent call last):
  File "/home/airflow/.local/lib/python3.12/site-packages/airflow/models/dagbag.py", line 351, in parse
    loader.exec_module(new_module)
  File "<frozen importlib._bootstrap_external>", line 995, in exec_module
  File "<frozen importlib._bootstrap>", line 488, in _call_with_frames_removed
  File "/opt/airflow/dags/stock_etl_dag.py", line 14, in <module>
    from src.transform import transform_data
  File "/opt/airflow/src/transform.py", line 4, in <module>
    from src.sql_definitions import DB_PATH, SELECT_RAW_STOCK_DATA
ImportError: cannot import name 'DB_PATH' from 'src.sql_definitions' (/opt/airflow/src/sql_definitions.py)
[2025-12-19T04:08:59.947+0000] {processor.py:842} WARNING - No viable dags retrieved from /opt/airflow/dags/stock_etl_dag.py
[2025-12-19T04:08:59.971+0000] {processor.py:183} INFO - Processing /opt/airflow/dags/stock_etl_dag.py took 0.890 seconds
[2025-12-19T04:09:30.440+0000] {processor.py:161} INFO - Started process (PID=213) to work on /opt/airflow/dags/stock_etl_dag.py
[2025-12-19T04:09:30.442+0000] {processor.py:830} INFO - Processing file /opt/airflow/dags/stock_etl_dag.py for tasks to queue
[2025-12-19T04:09:30.447+0000] {logging_mixin.py:188} INFO - [2025-12-19T04:09:30.446+0000] {dagbag.py:545} INFO - Filling up the DagBag from /opt/airflow/dags/stock_etl_dag.py
[2025-12-19T04:09:31.604+0000] {logging_mixin.py:188} INFO - [2025-12-19T04:09:31.589+0000] {dagbag.py:355} ERROR - Failed to import: /opt/airflow/dags/stock_etl_dag.py
Traceback (most recent call last):
  File "/home/airflow/.local/lib/python3.12/site-packages/airflow/models/dagbag.py", line 351, in parse
    loader.exec_module(new_module)
  File "<frozen importlib._bootstrap_external>", line 995, in exec_module
  File "<frozen importlib._bootstrap>", line 488, in _call_with_frames_removed
  File "/opt/airflow/dags/stock_etl_dag.py", line 12, in <module>
    from src.transform import transform_data
  File "/opt/airflow/src/transform.py", line 4, in <module>
    from src.sql_definitions import DB_PATH, SELECT_RAW_STOCK_DATA
ImportError: cannot import name 'DB_PATH' from 'src.sql_definitions' (/opt/airflow/src/sql_definitions.py)
[2025-12-19T04:09:31.609+0000] {processor.py:842} WARNING - No viable dags retrieved from /opt/airflow/dags/stock_etl_dag.py
[2025-12-19T04:09:31.641+0000] {processor.py:183} INFO - Processing /opt/airflow/dags/stock_etl_dag.py took 1.222 seconds
[2025-12-19T04:10:01.813+0000] {processor.py:161} INFO - Started process (PID=219) to work on /opt/airflow/dags/stock_etl_dag.py
[2025-12-19T04:10:01.815+0000] {processor.py:830} INFO - Processing file /opt/airflow/dags/stock_etl_dag.py for tasks to queue
[2025-12-19T04:10:01.818+0000] {logging_mixin.py:188} INFO - [2025-12-19T04:10:01.817+0000] {dagbag.py:545} INFO - Filling up the DagBag from /opt/airflow/dags/stock_etl_dag.py
[2025-12-19T04:10:02.947+0000] {logging_mixin.py:188} INFO - [2025-12-19T04:10:02.937+0000] {dagbag.py:355} ERROR - Failed to import: /opt/airflow/dags/stock_etl_dag.py
Traceback (most recent call last):
  File "/home/airflow/.local/lib/python3.12/site-packages/airflow/models/dagbag.py", line 351, in parse
    loader.exec_module(new_module)
  File "<frozen importlib._bootstrap_external>", line 995, in exec_module
  File "<frozen importlib._bootstrap>", line 488, in _call_with_frames_removed
  File "/opt/airflow/dags/stock_etl_dag.py", line 12, in <module>
    from src.transform import transform_data
  File "/opt/airflow/src/transform.py", line 4, in <module>
    from src.sql_definitions import DB_PATH, SELECT_RAW_STOCK_DATA
ImportError: cannot import name 'DB_PATH' from 'src.sql_definitions' (/opt/airflow/src/sql_definitions.py)
[2025-12-19T04:10:02.952+0000] {processor.py:842} WARNING - No viable dags retrieved from /opt/airflow/dags/stock_etl_dag.py
[2025-12-19T04:10:02.977+0000] {processor.py:183} INFO - Processing /opt/airflow/dags/stock_etl_dag.py took 1.189 seconds
[2025-12-19T04:10:33.377+0000] {processor.py:161} INFO - Started process (PID=225) to work on /opt/airflow/dags/stock_etl_dag.py
[2025-12-19T04:10:33.379+0000] {processor.py:830} INFO - Processing file /opt/airflow/dags/stock_etl_dag.py for tasks to queue
[2025-12-19T04:10:33.383+0000] {logging_mixin.py:188} INFO - [2025-12-19T04:10:33.383+0000] {dagbag.py:545} INFO - Filling up the DagBag from /opt/airflow/dags/stock_etl_dag.py
[2025-12-19T04:10:34.252+0000] {logging_mixin.py:188} INFO - [2025-12-19T04:10:34.243+0000] {dagbag.py:355} ERROR - Failed to import: /opt/airflow/dags/stock_etl_dag.py
Traceback (most recent call last):
  File "/home/airflow/.local/lib/python3.12/site-packages/airflow/models/dagbag.py", line 351, in parse
    loader.exec_module(new_module)
  File "<frozen importlib._bootstrap_external>", line 995, in exec_module
  File "<frozen importlib._bootstrap>", line 488, in _call_with_frames_removed
  File "/opt/airflow/dags/stock_etl_dag.py", line 12, in <module>
    from src.transform import transform_data
  File "/opt/airflow/src/transform.py", line 4, in <module>
    from src.sql_definitions import DB_PATH, SELECT_RAW_STOCK_DATA
ImportError: cannot import name 'DB_PATH' from 'src.sql_definitions' (/opt/airflow/src/sql_definitions.py)
[2025-12-19T04:10:34.257+0000] {processor.py:842} WARNING - No viable dags retrieved from /opt/airflow/dags/stock_etl_dag.py
[2025-12-19T04:10:34.280+0000] {processor.py:183} INFO - Processing /opt/airflow/dags/stock_etl_dag.py took 0.910 seconds
[2025-12-19T04:11:04.749+0000] {processor.py:161} INFO - Started process (PID=231) to work on /opt/airflow/dags/stock_etl_dag.py
[2025-12-19T04:11:04.751+0000] {processor.py:830} INFO - Processing file /opt/airflow/dags/stock_etl_dag.py for tasks to queue
[2025-12-19T04:11:04.753+0000] {logging_mixin.py:188} INFO - [2025-12-19T04:11:04.752+0000] {dagbag.py:545} INFO - Filling up the DagBag from /opt/airflow/dags/stock_etl_dag.py
[2025-12-19T04:11:05.801+0000] {processor.py:840} INFO - DAG(s) 'stock_price_etl_pipeline' retrieved from /opt/airflow/dags/stock_etl_dag.py
[2025-12-19T04:11:06.053+0000] {logging_mixin.py:188} INFO - [2025-12-19T04:11:06.052+0000] {override.py:1858} INFO - Created Permission View: can edit on DAG:stock_price_etl_pipeline
[2025-12-19T04:11:06.073+0000] {logging_mixin.py:188} INFO - [2025-12-19T04:11:06.072+0000] {override.py:1858} INFO - Created Permission View: can read on DAG:stock_price_etl_pipeline
[2025-12-19T04:11:06.085+0000] {logging_mixin.py:188} INFO - [2025-12-19T04:11:06.084+0000] {override.py:1858} INFO - Created Permission View: can delete on DAG:stock_price_etl_pipeline
[2025-12-19T04:11:06.085+0000] {logging_mixin.py:188} INFO - [2025-12-19T04:11:06.085+0000] {dag.py:3089} INFO - Sync 1 DAGs
[2025-12-19T04:11:06.095+0000] {logging_mixin.py:188} INFO - [2025-12-19T04:11:06.095+0000] {dag.py:3111} INFO - Creating ORM DAG for stock_price_etl_pipeline
[2025-12-19T04:11:06.097+0000] {logging_mixin.py:188} INFO - [2025-12-19T04:11:06.096+0000] {dag.py:3947} INFO - Setting next_dagrun for stock_price_etl_pipeline to None, run_after=None
[2025-12-19T04:11:06.133+0000] {processor.py:183} INFO - Processing /opt/airflow/dags/stock_etl_dag.py took 1.390 seconds
[2025-12-19T04:11:36.515+0000] {processor.py:161} INFO - Started process (PID=262) to work on /opt/airflow/dags/stock_etl_dag.py
[2025-12-19T04:11:36.517+0000] {processor.py:830} INFO - Processing file /opt/airflow/dags/stock_etl_dag.py for tasks to queue
[2025-12-19T04:11:36.519+0000] {logging_mixin.py:188} INFO - [2025-12-19T04:11:36.519+0000] {dagbag.py:545} INFO - Filling up the DagBag from /opt/airflow/dags/stock_etl_dag.py
[2025-12-19T04:11:37.368+0000] {processor.py:840} INFO - DAG(s) 'stock_price_etl_pipeline' retrieved from /opt/airflow/dags/stock_etl_dag.py
[2025-12-19T04:11:37.399+0000] {logging_mixin.py:188} INFO - [2025-12-19T04:11:37.398+0000] {dag.py:3089} INFO - Sync 1 DAGs
[2025-12-19T04:11:37.410+0000] {logging_mixin.py:188} INFO - [2025-12-19T04:11:37.410+0000] {dag.py:3947} INFO - Setting next_dagrun for stock_price_etl_pipeline to None, run_after=None
[2025-12-19T04:11:37.443+0000] {processor.py:183} INFO - Processing /opt/airflow/dags/stock_etl_dag.py took 0.935 seconds
[2025-12-19T04:12:07.939+0000] {processor.py:161} INFO - Started process (PID=268) to work on /opt/airflow/dags/stock_etl_dag.py
[2025-12-19T04:12:07.941+0000] {processor.py:830} INFO - Processing file /opt/airflow/dags/stock_etl_dag.py for tasks to queue
[2025-12-19T04:12:07.943+0000] {logging_mixin.py:188} INFO - [2025-12-19T04:12:07.942+0000] {dagbag.py:545} INFO - Filling up the DagBag from /opt/airflow/dags/stock_etl_dag.py
[2025-12-19T04:12:08.758+0000] {processor.py:840} INFO - DAG(s) 'stock_price_etl_pipeline' retrieved from /opt/airflow/dags/stock_etl_dag.py
[2025-12-19T04:12:08.783+0000] {logging_mixin.py:188} INFO - [2025-12-19T04:12:08.783+0000] {dag.py:3089} INFO - Sync 1 DAGs
[2025-12-19T04:12:08.793+0000] {logging_mixin.py:188} INFO - [2025-12-19T04:12:08.793+0000] {dag.py:3947} INFO - Setting next_dagrun for stock_price_etl_pipeline to None, run_after=None
[2025-12-19T04:12:08.815+0000] {processor.py:183} INFO - Processing /opt/airflow/dags/stock_etl_dag.py took 0.885 seconds
[2025-12-19T04:12:39.185+0000] {processor.py:161} INFO - Started process (PID=274) to work on /opt/airflow/dags/stock_etl_dag.py
[2025-12-19T04:12:39.187+0000] {processor.py:830} INFO - Processing file /opt/airflow/dags/stock_etl_dag.py for tasks to queue
[2025-12-19T04:12:39.190+0000] {logging_mixin.py:188} INFO - [2025-12-19T04:12:39.189+0000] {dagbag.py:545} INFO - Filling up the DagBag from /opt/airflow/dags/stock_etl_dag.py
[2025-12-19T04:12:39.993+0000] {processor.py:840} INFO - DAG(s) 'stock_price_etl_pipeline' retrieved from /opt/airflow/dags/stock_etl_dag.py
[2025-12-19T04:12:40.022+0000] {logging_mixin.py:188} INFO - [2025-12-19T04:12:40.022+0000] {dag.py:3089} INFO - Sync 1 DAGs
[2025-12-19T04:12:40.033+0000] {logging_mixin.py:188} INFO - [2025-12-19T04:12:40.033+0000] {dag.py:3947} INFO - Setting next_dagrun for stock_price_etl_pipeline to None, run_after=None
[2025-12-19T04:12:40.065+0000] {processor.py:183} INFO - Processing /opt/airflow/dags/stock_etl_dag.py took 0.889 seconds
[2025-12-19T04:13:10.411+0000] {processor.py:161} INFO - Started process (PID=280) to work on /opt/airflow/dags/stock_etl_dag.py
[2025-12-19T04:13:10.413+0000] {processor.py:830} INFO - Processing file /opt/airflow/dags/stock_etl_dag.py for tasks to queue
[2025-12-19T04:13:10.416+0000] {logging_mixin.py:188} INFO - [2025-12-19T04:13:10.415+0000] {dagbag.py:545} INFO - Filling up the DagBag from /opt/airflow/dags/stock_etl_dag.py
[2025-12-19T04:13:11.313+0000] {processor.py:840} INFO - DAG(s) 'stock_price_etl_pipeline' retrieved from /opt/airflow/dags/stock_etl_dag.py
[2025-12-19T04:13:11.337+0000] {logging_mixin.py:188} INFO - [2025-12-19T04:13:11.337+0000] {dag.py:3089} INFO - Sync 1 DAGs
[2025-12-19T04:13:11.348+0000] {logging_mixin.py:188} INFO - [2025-12-19T04:13:11.348+0000] {dag.py:3947} INFO - Setting next_dagrun for stock_price_etl_pipeline to None, run_after=None
[2025-12-19T04:13:11.383+0000] {processor.py:183} INFO - Processing /opt/airflow/dags/stock_etl_dag.py took 0.981 seconds
[2025-12-19T04:13:41.858+0000] {processor.py:161} INFO - Started process (PID=286) to work on /opt/airflow/dags/stock_etl_dag.py
[2025-12-19T04:13:41.859+0000] {processor.py:830} INFO - Processing file /opt/airflow/dags/stock_etl_dag.py for tasks to queue
[2025-12-19T04:13:41.862+0000] {logging_mixin.py:188} INFO - [2025-12-19T04:13:41.861+0000] {dagbag.py:545} INFO - Filling up the DagBag from /opt/airflow/dags/stock_etl_dag.py
[2025-12-19T04:13:42.687+0000] {processor.py:840} INFO - DAG(s) 'stock_price_etl_pipeline' retrieved from /opt/airflow/dags/stock_etl_dag.py
[2025-12-19T04:13:42.711+0000] {logging_mixin.py:188} INFO - [2025-12-19T04:13:42.711+0000] {dag.py:3089} INFO - Sync 1 DAGs
[2025-12-19T04:13:42.725+0000] {logging_mixin.py:188} INFO - [2025-12-19T04:13:42.724+0000] {dag.py:3947} INFO - Setting next_dagrun for stock_price_etl_pipeline to None, run_after=None
[2025-12-19T04:13:42.775+0000] {processor.py:183} INFO - Processing /opt/airflow/dags/stock_etl_dag.py took 0.926 seconds
[2025-12-19T04:14:13.282+0000] {processor.py:161} INFO - Started process (PID=292) to work on /opt/airflow/dags/stock_etl_dag.py
[2025-12-19T04:14:13.283+0000] {processor.py:830} INFO - Processing file /opt/airflow/dags/stock_etl_dag.py for tasks to queue
[2025-12-19T04:14:13.286+0000] {logging_mixin.py:188} INFO - [2025-12-19T04:14:13.286+0000] {dagbag.py:545} INFO - Filling up the DagBag from /opt/airflow/dags/stock_etl_dag.py
[2025-12-19T04:14:14.790+0000] {processor.py:840} INFO - DAG(s) 'stock_price_etl_pipeline' retrieved from /opt/airflow/dags/stock_etl_dag.py
[2025-12-19T04:14:14.816+0000] {logging_mixin.py:188} INFO - [2025-12-19T04:14:14.815+0000] {dag.py:3089} INFO - Sync 1 DAGs
[2025-12-19T04:14:14.827+0000] {logging_mixin.py:188} INFO - [2025-12-19T04:14:14.827+0000] {dag.py:3947} INFO - Setting next_dagrun for stock_price_etl_pipeline to None, run_after=None
[2025-12-19T04:14:14.858+0000] {processor.py:183} INFO - Processing /opt/airflow/dags/stock_etl_dag.py took 1.584 seconds
[2025-12-19T04:14:45.277+0000] {processor.py:161} INFO - Started process (PID=298) to work on /opt/airflow/dags/stock_etl_dag.py
[2025-12-19T04:14:45.279+0000] {processor.py:830} INFO - Processing file /opt/airflow/dags/stock_etl_dag.py for tasks to queue
[2025-12-19T04:14:45.281+0000] {logging_mixin.py:188} INFO - [2025-12-19T04:14:45.281+0000] {dagbag.py:545} INFO - Filling up the DagBag from /opt/airflow/dags/stock_etl_dag.py
[2025-12-19T04:14:46.110+0000] {processor.py:840} INFO - DAG(s) 'stock_price_etl_pipeline' retrieved from /opt/airflow/dags/stock_etl_dag.py
[2025-12-19T04:14:46.136+0000] {logging_mixin.py:188} INFO - [2025-12-19T04:14:46.135+0000] {dag.py:3089} INFO - Sync 1 DAGs
[2025-12-19T04:14:46.146+0000] {logging_mixin.py:188} INFO - [2025-12-19T04:14:46.146+0000] {dag.py:3947} INFO - Setting next_dagrun for stock_price_etl_pipeline to None, run_after=None
[2025-12-19T04:14:46.171+0000] {processor.py:183} INFO - Processing /opt/airflow/dags/stock_etl_dag.py took 0.902 seconds
[2025-12-19T04:15:16.688+0000] {processor.py:161} INFO - Started process (PID=304) to work on /opt/airflow/dags/stock_etl_dag.py
[2025-12-19T04:15:16.689+0000] {processor.py:830} INFO - Processing file /opt/airflow/dags/stock_etl_dag.py for tasks to queue
[2025-12-19T04:15:16.692+0000] {logging_mixin.py:188} INFO - [2025-12-19T04:15:16.691+0000] {dagbag.py:545} INFO - Filling up the DagBag from /opt/airflow/dags/stock_etl_dag.py
[2025-12-19T04:15:17.607+0000] {processor.py:840} INFO - DAG(s) 'stock_price_etl_pipeline' retrieved from /opt/airflow/dags/stock_etl_dag.py
[2025-12-19T04:15:17.639+0000] {logging_mixin.py:188} INFO - [2025-12-19T04:15:17.638+0000] {dag.py:3089} INFO - Sync 1 DAGs
[2025-12-19T04:15:17.652+0000] {logging_mixin.py:188} INFO - [2025-12-19T04:15:17.652+0000] {dag.py:3947} INFO - Setting next_dagrun for stock_price_etl_pipeline to None, run_after=None
[2025-12-19T04:15:17.689+0000] {processor.py:183} INFO - Processing /opt/airflow/dags/stock_etl_dag.py took 1.008 seconds
[2025-12-19T04:15:48.168+0000] {processor.py:161} INFO - Started process (PID=310) to work on /opt/airflow/dags/stock_etl_dag.py
[2025-12-19T04:15:48.169+0000] {processor.py:830} INFO - Processing file /opt/airflow/dags/stock_etl_dag.py for tasks to queue
[2025-12-19T04:15:48.172+0000] {logging_mixin.py:188} INFO - [2025-12-19T04:15:48.172+0000] {dagbag.py:545} INFO - Filling up the DagBag from /opt/airflow/dags/stock_etl_dag.py
[2025-12-19T04:15:49.016+0000] {processor.py:840} INFO - DAG(s) 'stock_price_etl_pipeline' retrieved from /opt/airflow/dags/stock_etl_dag.py
[2025-12-19T04:15:49.041+0000] {logging_mixin.py:188} INFO - [2025-12-19T04:15:49.040+0000] {dag.py:3089} INFO - Sync 1 DAGs
[2025-12-19T04:15:49.051+0000] {logging_mixin.py:188} INFO - [2025-12-19T04:15:49.051+0000] {dag.py:3947} INFO - Setting next_dagrun for stock_price_etl_pipeline to None, run_after=None
[2025-12-19T04:15:49.083+0000] {processor.py:183} INFO - Processing /opt/airflow/dags/stock_etl_dag.py took 0.922 seconds
[2025-12-19T04:16:19.527+0000] {processor.py:161} INFO - Started process (PID=316) to work on /opt/airflow/dags/stock_etl_dag.py
[2025-12-19T04:16:19.528+0000] {processor.py:830} INFO - Processing file /opt/airflow/dags/stock_etl_dag.py for tasks to queue
[2025-12-19T04:16:19.532+0000] {logging_mixin.py:188} INFO - [2025-12-19T04:16:19.531+0000] {dagbag.py:545} INFO - Filling up the DagBag from /opt/airflow/dags/stock_etl_dag.py
[2025-12-19T04:16:20.476+0000] {processor.py:840} INFO - DAG(s) 'stock_price_etl_pipeline' retrieved from /opt/airflow/dags/stock_etl_dag.py
[2025-12-19T04:16:20.517+0000] {logging_mixin.py:188} INFO - [2025-12-19T04:16:20.516+0000] {dag.py:3089} INFO - Sync 1 DAGs
[2025-12-19T04:16:20.545+0000] {logging_mixin.py:188} INFO - [2025-12-19T04:16:20.545+0000] {dag.py:3947} INFO - Setting next_dagrun for stock_price_etl_pipeline to None, run_after=None
[2025-12-19T04:16:20.596+0000] {processor.py:183} INFO - Processing /opt/airflow/dags/stock_etl_dag.py took 1.077 seconds
[2025-12-19T04:16:50.967+0000] {processor.py:161} INFO - Started process (PID=322) to work on /opt/airflow/dags/stock_etl_dag.py
[2025-12-19T04:16:50.968+0000] {processor.py:830} INFO - Processing file /opt/airflow/dags/stock_etl_dag.py for tasks to queue
[2025-12-19T04:16:50.970+0000] {logging_mixin.py:188} INFO - [2025-12-19T04:16:50.970+0000] {dagbag.py:545} INFO - Filling up the DagBag from /opt/airflow/dags/stock_etl_dag.py
[2025-12-19T04:16:51.947+0000] {processor.py:840} INFO - DAG(s) 'stock_price_etl_pipeline' retrieved from /opt/airflow/dags/stock_etl_dag.py
[2025-12-19T04:16:51.985+0000] {logging_mixin.py:188} INFO - [2025-12-19T04:16:51.984+0000] {dag.py:3089} INFO - Sync 1 DAGs
[2025-12-19T04:16:51.998+0000] {logging_mixin.py:188} INFO - [2025-12-19T04:16:51.998+0000] {dag.py:3947} INFO - Setting next_dagrun for stock_price_etl_pipeline to None, run_after=None
[2025-12-19T04:16:52.030+0000] {processor.py:183} INFO - Processing /opt/airflow/dags/stock_etl_dag.py took 1.076 seconds
[2025-12-19T04:17:22.341+0000] {processor.py:161} INFO - Started process (PID=328) to work on /opt/airflow/dags/stock_etl_dag.py
[2025-12-19T04:17:22.342+0000] {processor.py:830} INFO - Processing file /opt/airflow/dags/stock_etl_dag.py for tasks to queue
[2025-12-19T04:17:22.344+0000] {logging_mixin.py:188} INFO - [2025-12-19T04:17:22.344+0000] {dagbag.py:545} INFO - Filling up the DagBag from /opt/airflow/dags/stock_etl_dag.py
[2025-12-19T04:17:23.157+0000] {processor.py:840} INFO - DAG(s) 'stock_price_etl_pipeline' retrieved from /opt/airflow/dags/stock_etl_dag.py
[2025-12-19T04:17:23.193+0000] {logging_mixin.py:188} INFO - [2025-12-19T04:17:23.192+0000] {dag.py:3089} INFO - Sync 1 DAGs
[2025-12-19T04:17:23.206+0000] {logging_mixin.py:188} INFO - [2025-12-19T04:17:23.205+0000] {dag.py:3947} INFO - Setting next_dagrun for stock_price_etl_pipeline to None, run_after=None
[2025-12-19T04:17:23.230+0000] {processor.py:183} INFO - Processing /opt/airflow/dags/stock_etl_dag.py took 0.897 seconds
[2025-12-19T04:17:53.693+0000] {processor.py:161} INFO - Started process (PID=334) to work on /opt/airflow/dags/stock_etl_dag.py
[2025-12-19T04:17:53.694+0000] {processor.py:830} INFO - Processing file /opt/airflow/dags/stock_etl_dag.py for tasks to queue
[2025-12-19T04:17:53.697+0000] {logging_mixin.py:188} INFO - [2025-12-19T04:17:53.696+0000] {dagbag.py:545} INFO - Filling up the DagBag from /opt/airflow/dags/stock_etl_dag.py
[2025-12-19T04:17:54.653+0000] {processor.py:840} INFO - DAG(s) 'stock_price_etl_pipeline' retrieved from /opt/airflow/dags/stock_etl_dag.py
[2025-12-19T04:17:54.687+0000] {logging_mixin.py:188} INFO - [2025-12-19T04:17:54.686+0000] {dag.py:3089} INFO - Sync 1 DAGs
[2025-12-19T04:17:54.700+0000] {logging_mixin.py:188} INFO - [2025-12-19T04:17:54.700+0000] {dag.py:3947} INFO - Setting next_dagrun for stock_price_etl_pipeline to None, run_after=None
[2025-12-19T04:17:54.735+0000] {processor.py:183} INFO - Processing /opt/airflow/dags/stock_etl_dag.py took 1.049 seconds
[2025-12-19T04:18:25.018+0000] {processor.py:161} INFO - Started process (PID=340) to work on /opt/airflow/dags/stock_etl_dag.py
[2025-12-19T04:18:25.019+0000] {processor.py:830} INFO - Processing file /opt/airflow/dags/stock_etl_dag.py for tasks to queue
[2025-12-19T04:18:25.022+0000] {logging_mixin.py:188} INFO - [2025-12-19T04:18:25.022+0000] {dagbag.py:545} INFO - Filling up the DagBag from /opt/airflow/dags/stock_etl_dag.py
[2025-12-19T04:18:25.786+0000] {processor.py:840} INFO - DAG(s) 'stock_price_etl_pipeline' retrieved from /opt/airflow/dags/stock_etl_dag.py
[2025-12-19T04:18:25.812+0000] {logging_mixin.py:188} INFO - [2025-12-19T04:18:25.811+0000] {dag.py:3089} INFO - Sync 1 DAGs
[2025-12-19T04:18:25.823+0000] {logging_mixin.py:188} INFO - [2025-12-19T04:18:25.822+0000] {dag.py:3947} INFO - Setting next_dagrun for stock_price_etl_pipeline to None, run_after=None
[2025-12-19T04:18:25.848+0000] {processor.py:183} INFO - Processing /opt/airflow/dags/stock_etl_dag.py took 0.837 seconds
[2025-12-19T04:18:56.259+0000] {processor.py:161} INFO - Started process (PID=346) to work on /opt/airflow/dags/stock_etl_dag.py
[2025-12-19T04:18:56.260+0000] {processor.py:830} INFO - Processing file /opt/airflow/dags/stock_etl_dag.py for tasks to queue
[2025-12-19T04:18:56.262+0000] {logging_mixin.py:188} INFO - [2025-12-19T04:18:56.262+0000] {dagbag.py:545} INFO - Filling up the DagBag from /opt/airflow/dags/stock_etl_dag.py
[2025-12-19T04:18:57.038+0000] {processor.py:840} INFO - DAG(s) 'stock_price_etl_pipeline' retrieved from /opt/airflow/dags/stock_etl_dag.py
[2025-12-19T04:18:57.063+0000] {logging_mixin.py:188} INFO - [2025-12-19T04:18:57.063+0000] {dag.py:3089} INFO - Sync 1 DAGs
[2025-12-19T04:18:57.075+0000] {logging_mixin.py:188} INFO - [2025-12-19T04:18:57.074+0000] {dag.py:3947} INFO - Setting next_dagrun for stock_price_etl_pipeline to None, run_after=None
[2025-12-19T04:18:57.107+0000] {processor.py:183} INFO - Processing /opt/airflow/dags/stock_etl_dag.py took 0.856 seconds
[2025-12-19T04:19:27.447+0000] {processor.py:161} INFO - Started process (PID=352) to work on /opt/airflow/dags/stock_etl_dag.py
[2025-12-19T04:19:27.449+0000] {processor.py:830} INFO - Processing file /opt/airflow/dags/stock_etl_dag.py for tasks to queue
[2025-12-19T04:19:27.451+0000] {logging_mixin.py:188} INFO - [2025-12-19T04:19:27.451+0000] {dagbag.py:545} INFO - Filling up the DagBag from /opt/airflow/dags/stock_etl_dag.py
[2025-12-19T04:19:28.385+0000] {processor.py:840} INFO - DAG(s) 'stock_price_etl_pipeline' retrieved from /opt/airflow/dags/stock_etl_dag.py
[2025-12-19T04:19:28.417+0000] {logging_mixin.py:188} INFO - [2025-12-19T04:19:28.417+0000] {dag.py:3089} INFO - Sync 1 DAGs
[2025-12-19T04:19:28.433+0000] {logging_mixin.py:188} INFO - [2025-12-19T04:19:28.433+0000] {dag.py:3947} INFO - Setting next_dagrun for stock_price_etl_pipeline to None, run_after=None
[2025-12-19T04:19:28.464+0000] {processor.py:183} INFO - Processing /opt/airflow/dags/stock_etl_dag.py took 1.028 seconds
[2025-12-19T04:19:58.747+0000] {processor.py:161} INFO - Started process (PID=358) to work on /opt/airflow/dags/stock_etl_dag.py
[2025-12-19T04:19:58.748+0000] {processor.py:830} INFO - Processing file /opt/airflow/dags/stock_etl_dag.py for tasks to queue
[2025-12-19T04:19:58.751+0000] {logging_mixin.py:188} INFO - [2025-12-19T04:19:58.751+0000] {dagbag.py:545} INFO - Filling up the DagBag from /opt/airflow/dags/stock_etl_dag.py
[2025-12-19T04:19:59.655+0000] {processor.py:840} INFO - DAG(s) 'stock_price_etl_pipeline' retrieved from /opt/airflow/dags/stock_etl_dag.py
[2025-12-19T04:19:59.686+0000] {logging_mixin.py:188} INFO - [2025-12-19T04:19:59.686+0000] {dag.py:3089} INFO - Sync 1 DAGs
[2025-12-19T04:19:59.698+0000] {logging_mixin.py:188} INFO - [2025-12-19T04:19:59.698+0000] {dag.py:3947} INFO - Setting next_dagrun for stock_price_etl_pipeline to None, run_after=None
[2025-12-19T04:19:59.734+0000] {processor.py:183} INFO - Processing /opt/airflow/dags/stock_etl_dag.py took 0.995 seconds
[2025-12-19T04:20:30.253+0000] {processor.py:161} INFO - Started process (PID=364) to work on /opt/airflow/dags/stock_etl_dag.py
[2025-12-19T04:20:30.255+0000] {processor.py:830} INFO - Processing file /opt/airflow/dags/stock_etl_dag.py for tasks to queue
[2025-12-19T04:20:30.257+0000] {logging_mixin.py:188} INFO - [2025-12-19T04:20:30.257+0000] {dagbag.py:545} INFO - Filling up the DagBag from /opt/airflow/dags/stock_etl_dag.py
[2025-12-19T04:20:31.269+0000] {processor.py:840} INFO - DAG(s) 'stock_price_etl_pipeline' retrieved from /opt/airflow/dags/stock_etl_dag.py
[2025-12-19T04:20:31.299+0000] {logging_mixin.py:188} INFO - [2025-12-19T04:20:31.298+0000] {dag.py:3089} INFO - Sync 1 DAGs
[2025-12-19T04:20:31.316+0000] {logging_mixin.py:188} INFO - [2025-12-19T04:20:31.316+0000] {dag.py:3947} INFO - Setting next_dagrun for stock_price_etl_pipeline to None, run_after=None
[2025-12-19T04:20:31.343+0000] {processor.py:183} INFO - Processing /opt/airflow/dags/stock_etl_dag.py took 1.098 seconds
[2025-12-19T04:21:01.623+0000] {processor.py:161} INFO - Started process (PID=370) to work on /opt/airflow/dags/stock_etl_dag.py
[2025-12-19T04:21:01.624+0000] {processor.py:830} INFO - Processing file /opt/airflow/dags/stock_etl_dag.py for tasks to queue
[2025-12-19T04:21:01.627+0000] {logging_mixin.py:188} INFO - [2025-12-19T04:21:01.626+0000] {dagbag.py:545} INFO - Filling up the DagBag from /opt/airflow/dags/stock_etl_dag.py
[2025-12-19T04:21:02.527+0000] {processor.py:840} INFO - DAG(s) 'stock_price_etl_pipeline' retrieved from /opt/airflow/dags/stock_etl_dag.py
[2025-12-19T04:21:02.557+0000] {logging_mixin.py:188} INFO - [2025-12-19T04:21:02.556+0000] {dag.py:3089} INFO - Sync 1 DAGs
[2025-12-19T04:21:02.572+0000] {logging_mixin.py:188} INFO - [2025-12-19T04:21:02.571+0000] {dag.py:3947} INFO - Setting next_dagrun for stock_price_etl_pipeline to None, run_after=None
[2025-12-19T04:21:02.602+0000] {processor.py:183} INFO - Processing /opt/airflow/dags/stock_etl_dag.py took 0.990 seconds
