[2025-12-19T03:56:36.540+0000] {local_task_job_runner.py:120} INFO - ::group::Pre task execution logs
[2025-12-19T03:56:36.580+0000] {taskinstance.py:2076} INFO - Dependencies all met for dep_context=non-requeueable deps ti=<TaskInstance: stock_price_etl_pipeline.extract_and_load_raw_data manual__2025-12-19T03:56:33.013375+00:00 [queued]>
[2025-12-19T03:56:36.591+0000] {taskinstance.py:2076} INFO - Dependencies all met for dep_context=requeueable deps ti=<TaskInstance: stock_price_etl_pipeline.extract_and_load_raw_data manual__2025-12-19T03:56:33.013375+00:00 [queued]>
[2025-12-19T03:56:36.593+0000] {taskinstance.py:2306} INFO - Starting attempt 1 of 2
[2025-12-19T03:56:36.616+0000] {taskinstance.py:2330} INFO - Executing <Task(PythonOperator): extract_and_load_raw_data> on 2025-12-19 03:56:33.013375+00:00
[2025-12-19T03:56:36.625+0000] {logging_mixin.py:188} WARNING - /home/***/.local/lib/python3.12/site-packages/***/task/task_runner/standard_task_runner.py:62 DeprecationWarning: This process (pid=223) is multi-threaded, use of fork() may lead to deadlocks in the child.
[2025-12-19T03:56:36.627+0000] {standard_task_runner.py:64} INFO - Started process 225 to run task
[2025-12-19T03:56:36.626+0000] {standard_task_runner.py:90} INFO - Running: ['***', 'tasks', 'run', 'stock_price_etl_pipeline', 'extract_and_load_raw_data', 'manual__2025-12-19T03:56:33.013375+00:00', '--job-id', '3', '--raw', '--subdir', 'DAGS_FOLDER/stock_etl_dag.py', '--cfg-path', '/tmp/tmpa79qgjk1']
[2025-12-19T03:56:36.629+0000] {standard_task_runner.py:91} INFO - Job 3: Subtask extract_and_load_raw_data
[2025-12-19T03:56:36.650+0000] {logging_mixin.py:188} WARNING - /home/***/.local/lib/python3.12/site-packages/***/settings.py:195 DeprecationWarning: The sql_alchemy_conn option in [core] has been moved to the sql_alchemy_conn option in [database] - the old setting has been used, but please update your config.
[2025-12-19T03:56:36.703+0000] {task_command.py:426} INFO - Running <TaskInstance: stock_price_etl_pipeline.extract_and_load_raw_data manual__2025-12-19T03:56:33.013375+00:00 [running]> on host bd2320aa3988
[2025-12-19T03:56:36.817+0000] {taskinstance.py:2648} INFO - Exporting env vars: AIRFLOW_CTX_DAG_OWNER='***' AIRFLOW_CTX_DAG_ID='stock_price_etl_pipeline' AIRFLOW_CTX_TASK_ID='extract_and_load_raw_data' AIRFLOW_CTX_EXECUTION_DATE='2025-12-19T03:56:33.013375+00:00' AIRFLOW_CTX_TRY_NUMBER='1' AIRFLOW_CTX_DAG_RUN_ID='manual__2025-12-19T03:56:33.013375+00:00'
[2025-12-19T03:56:36.819+0000] {taskinstance.py:430} INFO - ::endgroup::
[2025-12-19T03:56:36.854+0000] {logging_mixin.py:188} INFO - Fetching data for AAPL from 2023-12-20 to 2025-12-19...
[2025-12-19T03:56:36.856+0000] {logging_mixin.py:188} WARNING - /opt/***/src/extract.py:38 FutureWarning: YF.download() has changed argument auto_adjust default to True
[2025-12-19T03:56:38.456+0000] {logging_mixin.py:188} INFO - Successfully loaded 501 records for AAPL.
[2025-12-19T03:56:38.458+0000] {logging_mixin.py:188} INFO - Fetching data for MSFT from 2023-12-20 to 2025-12-19...
[2025-12-19T03:56:38.464+0000] {logging_mixin.py:188} WARNING - /opt/***/src/extract.py:38 FutureWarning: YF.download() has changed argument auto_adjust default to True
[2025-12-19T03:56:39.025+0000] {logging_mixin.py:188} INFO - Successfully loaded 501 records for MSFT.
[2025-12-19T03:56:39.026+0000] {logging_mixin.py:188} INFO - Fetching data for GOOGL from 2023-12-20 to 2025-12-19...
[2025-12-19T03:56:39.027+0000] {logging_mixin.py:188} WARNING - /opt/***/src/extract.py:38 FutureWarning: YF.download() has changed argument auto_adjust default to True
[2025-12-19T03:56:39.499+0000] {logging_mixin.py:188} INFO - Successfully loaded 501 records for GOOGL.
[2025-12-19T03:56:39.502+0000] {logging_mixin.py:188} INFO - Extraction complete. Total records loaded: 1503
[2025-12-19T03:56:39.503+0000] {python.py:237} INFO - Done. Returned value was: 1503
[2025-12-19T03:56:39.504+0000] {taskinstance.py:441} INFO - ::group::Post task execution logs
[2025-12-19T03:56:39.533+0000] {taskinstance.py:1206} INFO - Marking task as SUCCESS. dag_id=stock_price_etl_pipeline, task_id=extract_and_load_raw_data, run_id=manual__2025-12-19T03:56:33.013375+00:00, execution_date=20251219T035633, start_date=20251219T035636, end_date=20251219T035639
[2025-12-19T03:56:39.585+0000] {local_task_job_runner.py:243} INFO - Task exited with return code 0
[2025-12-19T03:56:39.616+0000] {taskinstance.py:3503} INFO - 1 downstream tasks scheduled from follow-on schedule check
[2025-12-19T03:56:39.623+0000] {local_task_job_runner.py:222} INFO - ::endgroup::
