[2025-12-19T04:11:16.548+0000] {local_task_job_runner.py:120} INFO - ::group::Pre task execution logs
[2025-12-19T04:11:16.589+0000] {taskinstance.py:2076} INFO - Dependencies all met for dep_context=non-requeueable deps ti=<TaskInstance: stock_price_etl_pipeline.extract_raw_data manual__2025-12-19T04:11:12.486195+00:00 [queued]>
[2025-12-19T04:11:16.598+0000] {taskinstance.py:2076} INFO - Dependencies all met for dep_context=requeueable deps ti=<TaskInstance: stock_price_etl_pipeline.extract_raw_data manual__2025-12-19T04:11:12.486195+00:00 [queued]>
[2025-12-19T04:11:16.601+0000] {taskinstance.py:2306} INFO - Starting attempt 1 of 2
[2025-12-19T04:11:16.618+0000] {taskinstance.py:2330} INFO - Executing <Task(PythonOperator): extract_raw_data> on 2025-12-19 04:11:12.486195+00:00
[2025-12-19T04:11:16.628+0000] {logging_mixin.py:188} WARNING - /home/***/.local/lib/python3.12/site-packages/***/task/task_runner/standard_task_runner.py:62 DeprecationWarning: This process (pid=240) is multi-threaded, use of fork() may lead to deadlocks in the child.
[2025-12-19T04:11:16.629+0000] {standard_task_runner.py:64} INFO - Started process 242 to run task
[2025-12-19T04:11:16.628+0000] {standard_task_runner.py:90} INFO - Running: ['***', 'tasks', 'run', 'stock_price_etl_pipeline', 'extract_raw_data', 'manual__2025-12-19T04:11:12.486195+00:00', '--job-id', '3', '--raw', '--subdir', 'DAGS_FOLDER/stock_etl_dag.py', '--cfg-path', '/tmp/tmpdyvzyxld']
[2025-12-19T04:11:16.631+0000] {standard_task_runner.py:91} INFO - Job 3: Subtask extract_raw_data
[2025-12-19T04:11:16.652+0000] {logging_mixin.py:188} WARNING - /home/***/.local/lib/python3.12/site-packages/***/settings.py:195 DeprecationWarning: The sql_alchemy_conn option in [core] has been moved to the sql_alchemy_conn option in [database] - the old setting has been used, but please update your config.
[2025-12-19T04:11:16.705+0000] {task_command.py:426} INFO - Running <TaskInstance: stock_price_etl_pipeline.extract_raw_data manual__2025-12-19T04:11:12.486195+00:00 [running]> on host 5e5a5b1a6fb2
[2025-12-19T04:11:16.808+0000] {taskinstance.py:2648} INFO - Exporting env vars: AIRFLOW_CTX_DAG_OWNER='***' AIRFLOW_CTX_DAG_ID='stock_price_etl_pipeline' AIRFLOW_CTX_TASK_ID='extract_raw_data' AIRFLOW_CTX_EXECUTION_DATE='2025-12-19T04:11:12.486195+00:00' AIRFLOW_CTX_TRY_NUMBER='1' AIRFLOW_CTX_DAG_RUN_ID='manual__2025-12-19T04:11:12.486195+00:00'
[2025-12-19T04:11:16.810+0000] {taskinstance.py:430} INFO - ::endgroup::
[2025-12-19T04:11:16.838+0000] {logging_mixin.py:188} INFO - Fetching AAPL from 2023-12-20 to 2025-12-19...
[2025-12-19T04:11:16.840+0000] {logging_mixin.py:188} WARNING - /opt/***/src/extract.py:31 FutureWarning: YF.download() has changed argument auto_adjust default to True
[2025-12-19T04:11:18.405+0000] {logging_mixin.py:188} INFO - Loaded 501 records for AAPL.
[2025-12-19T04:11:18.407+0000] {logging_mixin.py:188} INFO - Fetching MSFT from 2023-12-20 to 2025-12-19...
[2025-12-19T04:11:18.408+0000] {logging_mixin.py:188} WARNING - /opt/***/src/extract.py:31 FutureWarning: YF.download() has changed argument auto_adjust default to True
[2025-12-19T04:11:19.115+0000] {logging_mixin.py:188} INFO - Loaded 501 records for MSFT.
[2025-12-19T04:11:19.116+0000] {logging_mixin.py:188} INFO - Fetching GOOGL from 2023-12-20 to 2025-12-19...
[2025-12-19T04:11:19.117+0000] {logging_mixin.py:188} WARNING - /opt/***/src/extract.py:31 FutureWarning: YF.download() has changed argument auto_adjust default to True
[2025-12-19T04:11:19.732+0000] {logging_mixin.py:188} INFO - Loaded 501 records for GOOGL.
[2025-12-19T04:11:19.733+0000] {python.py:237} INFO - Done. Returned value was: 1503
[2025-12-19T04:11:19.734+0000] {taskinstance.py:441} INFO - ::group::Post task execution logs
[2025-12-19T04:11:19.765+0000] {taskinstance.py:1206} INFO - Marking task as SUCCESS. dag_id=stock_price_etl_pipeline, task_id=extract_raw_data, run_id=manual__2025-12-19T04:11:12.486195+00:00, execution_date=20251219T041112, start_date=20251219T041116, end_date=20251219T041119
[2025-12-19T04:11:19.826+0000] {local_task_job_runner.py:243} INFO - Task exited with return code 0
[2025-12-19T04:11:19.858+0000] {taskinstance.py:3503} INFO - 1 downstream tasks scheduled from follow-on schedule check
[2025-12-19T04:11:19.865+0000] {local_task_job_runner.py:222} INFO - ::endgroup::
