[2025-12-19T03:56:43.203+0000] {local_task_job_runner.py:120} INFO - ::group::Pre task execution logs
[2025-12-19T03:56:43.243+0000] {taskinstance.py:2076} INFO - Dependencies all met for dep_context=non-requeueable deps ti=<TaskInstance: stock_price_etl_pipeline.load_analyzed_data manual__2025-12-19T03:56:33.013375+00:00 [queued]>
[2025-12-19T03:56:43.253+0000] {taskinstance.py:2076} INFO - Dependencies all met for dep_context=requeueable deps ti=<TaskInstance: stock_price_etl_pipeline.load_analyzed_data manual__2025-12-19T03:56:33.013375+00:00 [queued]>
[2025-12-19T03:56:43.255+0000] {taskinstance.py:2306} INFO - Starting attempt 1 of 2
[2025-12-19T03:56:43.272+0000] {taskinstance.py:2330} INFO - Executing <Task(PythonOperator): load_analyzed_data> on 2025-12-19 03:56:33.013375+00:00
[2025-12-19T03:56:43.281+0000] {logging_mixin.py:188} WARNING - /home/***/.local/lib/python3.12/site-packages/***/task/task_runner/standard_task_runner.py:62 DeprecationWarning: This process (pid=235) is multi-threaded, use of fork() may lead to deadlocks in the child.
[2025-12-19T03:56:43.283+0000] {standard_task_runner.py:64} INFO - Started process 237 to run task
[2025-12-19T03:56:43.281+0000] {standard_task_runner.py:90} INFO - Running: ['***', 'tasks', 'run', 'stock_price_etl_pipeline', 'load_analyzed_data', 'manual__2025-12-19T03:56:33.013375+00:00', '--job-id', '5', '--raw', '--subdir', 'DAGS_FOLDER/stock_etl_dag.py', '--cfg-path', '/tmp/tmp9v5kc79z']
[2025-12-19T03:56:43.284+0000] {standard_task_runner.py:91} INFO - Job 5: Subtask load_analyzed_data
[2025-12-19T03:56:43.304+0000] {logging_mixin.py:188} WARNING - /home/***/.local/lib/python3.12/site-packages/***/settings.py:195 DeprecationWarning: The sql_alchemy_conn option in [core] has been moved to the sql_alchemy_conn option in [database] - the old setting has been used, but please update your config.
[2025-12-19T03:56:43.357+0000] {task_command.py:426} INFO - Running <TaskInstance: stock_price_etl_pipeline.load_analyzed_data manual__2025-12-19T03:56:33.013375+00:00 [running]> on host bd2320aa3988
[2025-12-19T03:56:43.575+0000] {taskinstance.py:2648} INFO - Exporting env vars: AIRFLOW_CTX_DAG_OWNER='***' AIRFLOW_CTX_DAG_ID='stock_price_etl_pipeline' AIRFLOW_CTX_TASK_ID='load_analyzed_data' AIRFLOW_CTX_EXECUTION_DATE='2025-12-19T03:56:33.013375+00:00' AIRFLOW_CTX_TRY_NUMBER='1' AIRFLOW_CTX_DAG_RUN_ID='manual__2025-12-19T03:56:33.013375+00:00'
[2025-12-19T03:56:43.576+0000] {taskinstance.py:430} INFO - ::endgroup::
[2025-12-19T03:56:43.604+0000] {logging_mixin.py:188} INFO - Starting data loading...
[2025-12-19T03:56:43.691+0000] {logging_mixin.py:188} INFO - Loading complete. 1506 records loaded into analyzed_stock_data.
[2025-12-19T03:56:43.692+0000] {python.py:237} INFO - Done. Returned value was: 1506
[2025-12-19T03:56:43.693+0000] {taskinstance.py:441} INFO - ::group::Post task execution logs
[2025-12-19T03:56:43.719+0000] {taskinstance.py:1206} INFO - Marking task as SUCCESS. dag_id=stock_price_etl_pipeline, task_id=load_analyzed_data, run_id=manual__2025-12-19T03:56:33.013375+00:00, execution_date=20251219T035633, start_date=20251219T035643, end_date=20251219T035643
[2025-12-19T03:56:43.779+0000] {local_task_job_runner.py:243} INFO - Task exited with return code 0
[2025-12-19T03:56:43.796+0000] {taskinstance.py:3503} INFO - 0 downstream tasks scheduled from follow-on schedule check
[2025-12-19T03:56:43.803+0000] {local_task_job_runner.py:222} INFO - ::endgroup::
