[2025-12-19T03:52:24.188+0000] {manager.py:470} INFO - Processing files using up to 2 processes at a time 
[2025-12-19T03:52:24.190+0000] {manager.py:471} INFO - Process each file at most once every 30 seconds
[2025-12-19T03:52:24.192+0000] {manager.py:472} INFO - Checking for new files in /opt/airflow/dags every 300 seconds
[2025-12-19T03:52:24.193+0000] {manager.py:737} INFO - Searching for files in /opt/airflow/dags
[2025-12-19T03:52:24.236+0000] {manager.py:740} INFO - There are 1 files in /opt/airflow/dags
[2025-12-19T03:52:24.368+0000] {manager.py:878} INFO - 
================================================================================
DAG File Processing Stats

File Path                             PID  Runtime      # DAGs    # Errors  Last Runtime    Last Run
----------------------------------  -----  ---------  --------  ----------  --------------  ----------
/opt/airflow/dags/stock_etl_dag.py    164  0.07s             0           0
================================================================================
[2025-12-19T03:52:54.671+0000] {manager.py:878} INFO - 
================================================================================
DAG File Processing Stats

File Path                             PID  Runtime      # DAGs    # Errors  Last Runtime    Last Run
----------------------------------  -----  ---------  --------  ----------  --------------  -------------------
/opt/airflow/dags/stock_etl_dag.py    169  0.01s             0           1  0.15s           2025-12-19T03:52:24
================================================================================
[2025-12-19T03:53:25.177+0000] {manager.py:878} INFO - 
================================================================================
DAG File Processing Stats

File Path                           PID    Runtime      # DAGs    # Errors  Last Runtime    Last Run
----------------------------------  -----  ---------  --------  ----------  --------------  -------------------
/opt/airflow/dags/stock_etl_dag.py                           0           1  0.14s           2025-12-19T03:53:24
================================================================================
[2025-12-19T03:53:55.599+0000] {manager.py:878} INFO - 
================================================================================
DAG File Processing Stats

File Path                             PID  Runtime      # DAGs    # Errors  Last Runtime    Last Run
----------------------------------  -----  ---------  --------  ----------  --------------  -------------------
/opt/airflow/dags/stock_etl_dag.py    184  0.00s             0           1  0.12s           2025-12-19T03:53:54
================================================================================
[2025-12-19T03:54:25.957+0000] {manager.py:878} INFO - 
================================================================================
DAG File Processing Stats

File Path                           PID    Runtime      # DAGs    # Errors  Last Runtime    Last Run
----------------------------------  -----  ---------  --------  ----------  --------------  -------------------
/opt/airflow/dags/stock_etl_dag.py                           1           0  3.01s           2025-12-19T03:53:58
================================================================================
[2025-12-19T03:54:56.356+0000] {manager.py:878} INFO - 
================================================================================
DAG File Processing Stats

File Path                           PID    Runtime      # DAGs    # Errors  Last Runtime    Last Run
----------------------------------  -----  ---------  --------  ----------  --------------  -------------------
/opt/airflow/dags/stock_etl_dag.py                           1           0  1.24s           2025-12-19T03:54:45
================================================================================
[2025-12-19T03:55:26.682+0000] {manager.py:878} INFO - 
================================================================================
DAG File Processing Stats

File Path                           PID    Runtime      # DAGs    # Errors  Last Runtime    Last Run
----------------------------------  -----  ---------  --------  ----------  --------------  -------------------
/opt/airflow/dags/stock_etl_dag.py                           1           0  0.99s           2025-12-19T03:55:16
================================================================================
[2025-12-19T03:55:56.997+0000] {manager.py:878} INFO - 
================================================================================
DAG File Processing Stats

File Path                           PID    Runtime      # DAGs    # Errors  Last Runtime    Last Run
----------------------------------  -----  ---------  --------  ----------  --------------  -------------------
/opt/airflow/dags/stock_etl_dag.py                           1           0  0.93s           2025-12-19T03:55:47
================================================================================
[2025-12-19T03:56:27.428+0000] {manager.py:878} INFO - 
================================================================================
DAG File Processing Stats

File Path                           PID    Runtime      # DAGs    # Errors  Last Runtime    Last Run
----------------------------------  -----  ---------  --------  ----------  --------------  -------------------
/opt/airflow/dags/stock_etl_dag.py                           1           0  1.03s           2025-12-19T03:56:19
================================================================================
[2025-12-19T03:56:57.887+0000] {manager.py:878} INFO - 
================================================================================
DAG File Processing Stats

File Path                           PID    Runtime      # DAGs    # Errors  Last Runtime    Last Run
----------------------------------  -----  ---------  --------  ----------  --------------  -------------------
/opt/airflow/dags/stock_etl_dag.py                           1           0  1.04s           2025-12-19T03:56:50
================================================================================
[2025-12-19T03:57:25.116+0000] {manager.py:737} INFO - Searching for files in /opt/airflow/dags
[2025-12-19T03:57:25.195+0000] {manager.py:740} INFO - There are 1 files in /opt/airflow/dags
[2025-12-19T03:57:28.266+0000] {manager.py:878} INFO - 
================================================================================
DAG File Processing Stats

File Path                           PID    Runtime      # DAGs    # Errors  Last Runtime    Last Run
----------------------------------  -----  ---------  --------  ----------  --------------  -------------------
/opt/airflow/dags/stock_etl_dag.py                           1           0  0.95s           2025-12-19T03:57:22
================================================================================
[2025-12-19T03:57:58.658+0000] {manager.py:878} INFO - 
================================================================================
DAG File Processing Stats

File Path                           PID    Runtime      # DAGs    # Errors  Last Runtime    Last Run
----------------------------------  -----  ---------  --------  ----------  --------------  -------------------
/opt/airflow/dags/stock_etl_dag.py                           1           0  1.11s           2025-12-19T03:57:53
================================================================================
[2025-12-19T03:58:29.002+0000] {manager.py:878} INFO - 
================================================================================
DAG File Processing Stats

File Path                           PID    Runtime      # DAGs    # Errors  Last Runtime    Last Run
----------------------------------  -----  ---------  --------  ----------  --------------  -------------------
/opt/airflow/dags/stock_etl_dag.py                           1           0  1.07s           2025-12-19T03:58:24
================================================================================
[2025-12-19T03:58:59.374+0000] {manager.py:878} INFO - 
================================================================================
DAG File Processing Stats

File Path                           PID    Runtime      # DAGs    # Errors  Last Runtime    Last Run
----------------------------------  -----  ---------  --------  ----------  --------------  -------------------
/opt/airflow/dags/stock_etl_dag.py                           1           0  1.10s           2025-12-19T03:58:56
================================================================================
[2025-12-19T03:59:29.745+0000] {manager.py:878} INFO - 
================================================================================
DAG File Processing Stats

File Path                           PID    Runtime      # DAGs    # Errors  Last Runtime    Last Run
----------------------------------  -----  ---------  --------  ----------  --------------  -------------------
/opt/airflow/dags/stock_etl_dag.py                           1           0  1.08s           2025-12-19T03:59:27
================================================================================
[2025-12-19T04:00:00.085+0000] {manager.py:878} INFO - 
================================================================================
DAG File Processing Stats

File Path                           PID    Runtime      # DAGs    # Errors  Last Runtime    Last Run
----------------------------------  -----  ---------  --------  ----------  --------------  -------------------
/opt/airflow/dags/stock_etl_dag.py                           1           0  1.09s           2025-12-19T03:59:59
================================================================================
[2025-12-19T04:00:30.332+0000] {manager.py:878} INFO - 
================================================================================
DAG File Processing Stats

File Path                           PID    Runtime      # DAGs    # Errors  Last Runtime    Last Run
----------------------------------  -----  ---------  --------  ----------  --------------  -------------------
/opt/airflow/dags/stock_etl_dag.py                           1           0  0.93s           2025-12-19T04:00:30
================================================================================
[2025-12-19T04:01:00.710+0000] {manager.py:878} INFO - 
================================================================================
DAG File Processing Stats

File Path                             PID  Runtime      # DAGs    # Errors  Last Runtime    Last Run
----------------------------------  -----  ---------  --------  ----------  --------------  -------------------
/opt/airflow/dags/stock_etl_dag.py    293  0.00s             1           0  0.93s           2025-12-19T04:00:30
================================================================================
[2025-12-19T04:01:31.182+0000] {manager.py:878} INFO - 
================================================================================
DAG File Processing Stats

File Path                             PID  Runtime      # DAGs    # Errors  Last Runtime    Last Run
----------------------------------  -----  ---------  --------  ----------  --------------  -------------------
/opt/airflow/dags/stock_etl_dag.py    298  0.01s             0           1  0.17s           2025-12-19T04:01:00
================================================================================
[2025-12-19T04:02:01.616+0000] {manager.py:878} INFO - 
================================================================================
DAG File Processing Stats

File Path                             PID  Runtime      # DAGs    # Errors  Last Runtime    Last Run
----------------------------------  -----  ---------  --------  ----------  --------------  -------------------
/opt/airflow/dags/stock_etl_dag.py    303  0.01s             0           1  0.19s           2025-12-19T04:01:31
================================================================================
[2025-12-19T04:02:25.886+0000] {manager.py:737} INFO - Searching for files in /opt/airflow/dags
[2025-12-19T04:02:25.930+0000] {manager.py:740} INFO - There are 1 files in /opt/airflow/dags
[2025-12-19T04:02:32.047+0000] {manager.py:878} INFO - 
================================================================================
DAG File Processing Stats

File Path                             PID  Runtime      # DAGs    # Errors  Last Runtime    Last Run
----------------------------------  -----  ---------  --------  ----------  --------------  -------------------
/opt/airflow/dags/stock_etl_dag.py    308  0.01s             0           1  0.14s           2025-12-19T04:02:01
================================================================================
[2025-12-19T04:02:47.085+0000] {manager.py:452} INFO - Exiting gracefully upon receiving signal 15
[2025-12-19T04:05:18.189+0000] {manager.py:470} INFO - Processing files using up to 2 processes at a time 
[2025-12-19T04:05:18.190+0000] {manager.py:471} INFO - Process each file at most once every 30 seconds
[2025-12-19T04:05:18.192+0000] {manager.py:472} INFO - Checking for new files in /opt/airflow/dags every 300 seconds
[2025-12-19T04:05:18.194+0000] {manager.py:737} INFO - Searching for files in /opt/airflow/dags
[2025-12-19T04:05:18.229+0000] {manager.py:740} INFO - There are 1 files in /opt/airflow/dags
[2025-12-19T04:05:18.365+0000] {manager.py:878} INFO - 
================================================================================
DAG File Processing Stats

File Path                             PID  Runtime      # DAGs    # Errors  Last Runtime    Last Run
----------------------------------  -----  ---------  --------  ----------  --------------  ----------
/opt/airflow/dags/stock_etl_dag.py    165  0.05s             0           0
================================================================================
[2025-12-19T04:05:48.625+0000] {manager.py:878} INFO - 
================================================================================
DAG File Processing Stats

File Path                           PID    Runtime      # DAGs    # Errors  Last Runtime    Last Run
----------------------------------  -----  ---------  --------  ----------  --------------  -------------------
/opt/airflow/dags/stock_etl_dag.py                           0           1  2.47s           2025-12-19T04:05:20
================================================================================
[2025-12-19T04:06:18.869+0000] {manager.py:878} INFO - 
================================================================================
DAG File Processing Stats

File Path                           PID    Runtime      # DAGs    # Errors  Last Runtime    Last Run
----------------------------------  -----  ---------  --------  ----------  --------------  -------------------
/opt/airflow/dags/stock_etl_dag.py                           0           1  0.99s           2025-12-19T04:05:52
================================================================================
[2025-12-19T04:06:49.705+0000] {manager.py:878} INFO - 
================================================================================
DAG File Processing Stats

File Path                           PID    Runtime      # DAGs    # Errors  Last Runtime    Last Run
----------------------------------  -----  ---------  --------  ----------  --------------  -------------------
/opt/airflow/dags/stock_etl_dag.py                           0           1  1.02s           2025-12-19T04:06:23
================================================================================
[2025-12-19T04:07:20.034+0000] {manager.py:878} INFO - 
================================================================================
DAG File Processing Stats

File Path                           PID    Runtime      # DAGs    # Errors  Last Runtime    Last Run
----------------------------------  -----  ---------  --------  ----------  --------------  -------------------
/opt/airflow/dags/stock_etl_dag.py                           0           1  0.98s           2025-12-19T04:06:54
================================================================================
[2025-12-19T04:07:50.414+0000] {manager.py:878} INFO - 
================================================================================
DAG File Processing Stats

File Path                           PID    Runtime      # DAGs    # Errors  Last Runtime    Last Run
----------------------------------  -----  ---------  --------  ----------  --------------  -------------------
/opt/airflow/dags/stock_etl_dag.py                           0           1  0.98s           2025-12-19T04:07:26
================================================================================
[2025-12-19T04:08:20.721+0000] {manager.py:878} INFO - 
================================================================================
DAG File Processing Stats

File Path                           PID    Runtime      # DAGs    # Errors  Last Runtime    Last Run
----------------------------------  -----  ---------  --------  ----------  --------------  -------------------
/opt/airflow/dags/stock_etl_dag.py                           0           1  0.93s           2025-12-19T04:07:57
================================================================================
[2025-12-19T04:08:50.956+0000] {manager.py:878} INFO - 
================================================================================
DAG File Processing Stats

File Path                           PID    Runtime      # DAGs    # Errors  Last Runtime    Last Run
----------------------------------  -----  ---------  --------  ----------  --------------  -------------------
/opt/airflow/dags/stock_etl_dag.py                           0           1  0.96s           2025-12-19T04:08:28
================================================================================
[2025-12-19T04:09:21.215+0000] {manager.py:878} INFO - 
================================================================================
DAG File Processing Stats

File Path                           PID    Runtime      # DAGs    # Errors  Last Runtime    Last Run
----------------------------------  -----  ---------  --------  ----------  --------------  -------------------
/opt/airflow/dags/stock_etl_dag.py                           0           1  0.95s           2025-12-19T04:09:00
================================================================================
[2025-12-19T04:09:51.659+0000] {manager.py:878} INFO - 
================================================================================
DAG File Processing Stats

File Path                           PID    Runtime      # DAGs    # Errors  Last Runtime    Last Run
----------------------------------  -----  ---------  --------  ----------  --------------  -------------------
/opt/airflow/dags/stock_etl_dag.py                           0           1  1.31s           2025-12-19T04:09:31
================================================================================
[2025-12-19T04:10:19.084+0000] {manager.py:737} INFO - Searching for files in /opt/airflow/dags
[2025-12-19T04:10:19.129+0000] {manager.py:740} INFO - There are 1 files in /opt/airflow/dags
[2025-12-19T04:10:22.218+0000] {manager.py:878} INFO - 
================================================================================
DAG File Processing Stats

File Path                           PID    Runtime      # DAGs    # Errors  Last Runtime    Last Run
----------------------------------  -----  ---------  --------  ----------  --------------  -------------------
/opt/airflow/dags/stock_etl_dag.py                           0           1  1.24s           2025-12-19T04:10:03
================================================================================
[2025-12-19T04:10:52.535+0000] {manager.py:878} INFO - 
================================================================================
DAG File Processing Stats

File Path                           PID    Runtime      # DAGs    # Errors  Last Runtime    Last Run
----------------------------------  -----  ---------  --------  ----------  --------------  -------------------
/opt/airflow/dags/stock_etl_dag.py                           0           1  0.96s           2025-12-19T04:10:34
================================================================================
[2025-12-19T04:11:22.910+0000] {manager.py:878} INFO - 
================================================================================
DAG File Processing Stats

File Path                           PID    Runtime      # DAGs    # Errors  Last Runtime    Last Run
----------------------------------  -----  ---------  --------  ----------  --------------  -------------------
/opt/airflow/dags/stock_etl_dag.py                           1           0  1.45s           2025-12-19T04:11:06
================================================================================
[2025-12-19T04:11:53.264+0000] {manager.py:878} INFO - 
================================================================================
DAG File Processing Stats

File Path                           PID    Runtime      # DAGs    # Errors  Last Runtime    Last Run
----------------------------------  -----  ---------  --------  ----------  --------------  -------------------
/opt/airflow/dags/stock_etl_dag.py                           1           0  0.99s           2025-12-19T04:11:37
================================================================================
[2025-12-19T04:12:23.577+0000] {manager.py:878} INFO - 
================================================================================
DAG File Processing Stats

File Path                           PID    Runtime      # DAGs    # Errors  Last Runtime    Last Run
----------------------------------  -----  ---------  --------  ----------  --------------  -------------------
/opt/airflow/dags/stock_etl_dag.py                           1           0  0.94s           2025-12-19T04:12:08
================================================================================
[2025-12-19T04:12:53.848+0000] {manager.py:878} INFO - 
================================================================================
DAG File Processing Stats

File Path                           PID    Runtime      # DAGs    # Errors  Last Runtime    Last Run
----------------------------------  -----  ---------  --------  ----------  --------------  -------------------
/opt/airflow/dags/stock_etl_dag.py                           1           0  0.94s           2025-12-19T04:12:40
================================================================================
[2025-12-19T04:13:24.555+0000] {manager.py:878} INFO - 
================================================================================
DAG File Processing Stats

File Path                           PID    Runtime      # DAGs    # Errors  Last Runtime    Last Run
----------------------------------  -----  ---------  --------  ----------  --------------  -------------------
/opt/airflow/dags/stock_etl_dag.py                           1           0  1.03s           2025-12-19T04:13:11
================================================================================
[2025-12-19T04:13:54.987+0000] {manager.py:878} INFO - 
================================================================================
DAG File Processing Stats

File Path                           PID    Runtime      # DAGs    # Errors  Last Runtime    Last Run
----------------------------------  -----  ---------  --------  ----------  --------------  -------------------
/opt/airflow/dags/stock_etl_dag.py                           1           0  0.99s           2025-12-19T04:13:42
================================================================================
[2025-12-19T04:14:25.026+0000] {manager.py:878} INFO - 
================================================================================
DAG File Processing Stats

File Path                           PID    Runtime      # DAGs    # Errors  Last Runtime    Last Run
----------------------------------  -----  ---------  --------  ----------  --------------  -------------------
/opt/airflow/dags/stock_etl_dag.py                           1           0  1.64s           2025-12-19T04:14:14
================================================================================
[2025-12-19T04:14:55.316+0000] {manager.py:878} INFO - 
================================================================================
DAG File Processing Stats

File Path                           PID    Runtime      # DAGs    # Errors  Last Runtime    Last Run
----------------------------------  -----  ---------  --------  ----------  --------------  -------------------
/opt/airflow/dags/stock_etl_dag.py                           1           0  0.95s           2025-12-19T04:14:46
================================================================================
[2025-12-19T04:15:19.676+0000] {manager.py:737} INFO - Searching for files in /opt/airflow/dags
[2025-12-19T04:15:19.723+0000] {manager.py:740} INFO - There are 1 files in /opt/airflow/dags
[2025-12-19T04:15:25.816+0000] {manager.py:878} INFO - 
================================================================================
DAG File Processing Stats

File Path                           PID    Runtime      # DAGs    # Errors  Last Runtime    Last Run
----------------------------------  -----  ---------  --------  ----------  --------------  -------------------
/opt/airflow/dags/stock_etl_dag.py                           1           0  1.07s           2025-12-19T04:15:17
================================================================================
[2025-12-19T04:15:56.198+0000] {manager.py:878} INFO - 
================================================================================
DAG File Processing Stats

File Path                           PID    Runtime      # DAGs    # Errors  Last Runtime    Last Run
----------------------------------  -----  ---------  --------  ----------  --------------  -------------------
/opt/airflow/dags/stock_etl_dag.py                           1           0  0.98s           2025-12-19T04:15:49
================================================================================
[2025-12-19T04:16:26.608+0000] {manager.py:878} INFO - 
================================================================================
DAG File Processing Stats

File Path                           PID    Runtime      # DAGs    # Errors  Last Runtime    Last Run
----------------------------------  -----  ---------  --------  ----------  --------------  -------------------
/opt/airflow/dags/stock_etl_dag.py                           1           0  1.13s           2025-12-19T04:16:20
================================================================================
[2025-12-19T04:16:57.015+0000] {manager.py:878} INFO - 
================================================================================
DAG File Processing Stats

File Path                           PID    Runtime      # DAGs    # Errors  Last Runtime    Last Run
----------------------------------  -----  ---------  --------  ----------  --------------  -------------------
/opt/airflow/dags/stock_etl_dag.py                           1           0  1.13s           2025-12-19T04:16:52
================================================================================
[2025-12-19T04:17:27.345+0000] {manager.py:878} INFO - 
================================================================================
DAG File Processing Stats

File Path                           PID    Runtime      # DAGs    # Errors  Last Runtime    Last Run
----------------------------------  -----  ---------  --------  ----------  --------------  -------------------
/opt/airflow/dags/stock_etl_dag.py                           1           0  0.94s           2025-12-19T04:17:23
================================================================================
[2025-12-19T04:17:57.702+0000] {manager.py:878} INFO - 
================================================================================
DAG File Processing Stats

File Path                           PID    Runtime      # DAGs    # Errors  Last Runtime    Last Run
----------------------------------  -----  ---------  --------  ----------  --------------  -------------------
/opt/airflow/dags/stock_etl_dag.py                           1           0  1.13s           2025-12-19T04:17:54
================================================================================
[2025-12-19T04:18:27.895+0000] {manager.py:878} INFO - 
================================================================================
DAG File Processing Stats

File Path                           PID    Runtime      # DAGs    # Errors  Last Runtime    Last Run
----------------------------------  -----  ---------  --------  ----------  --------------  -------------------
/opt/airflow/dags/stock_etl_dag.py                           1           0  0.88s           2025-12-19T04:18:25
================================================================================
[2025-12-19T04:18:58.155+0000] {manager.py:878} INFO - 
================================================================================
DAG File Processing Stats

File Path                           PID    Runtime      # DAGs    # Errors  Last Runtime    Last Run
----------------------------------  -----  ---------  --------  ----------  --------------  -------------------
/opt/airflow/dags/stock_etl_dag.py                           1           0  0.92s           2025-12-19T04:18:57
================================================================================
[2025-12-19T04:19:28.424+0000] {manager.py:878} INFO - 
================================================================================
DAG File Processing Stats

File Path                             PID  Runtime      # DAGs    # Errors  Last Runtime    Last Run
----------------------------------  -----  ---------  --------  ----------  --------------  -------------------
/opt/airflow/dags/stock_etl_dag.py    352  1.01s             1           0  0.92s           2025-12-19T04:18:57
================================================================================
[2025-12-19T04:19:58.720+0000] {manager.py:878} INFO - 
================================================================================
DAG File Processing Stats

File Path                             PID  Runtime      # DAGs    # Errors  Last Runtime    Last Run
----------------------------------  -----  ---------  --------  ----------  --------------  -------------------
/opt/airflow/dags/stock_etl_dag.py    358  0.01s             1           0  1.08s           2025-12-19T04:19:28
================================================================================
[2025-12-19T04:20:20.001+0000] {manager.py:737} INFO - Searching for files in /opt/airflow/dags
[2025-12-19T04:20:20.080+0000] {manager.py:740} INFO - There are 1 files in /opt/airflow/dags
[2025-12-19T04:20:29.203+0000] {manager.py:878} INFO - 
================================================================================
DAG File Processing Stats

File Path                           PID    Runtime      # DAGs    # Errors  Last Runtime    Last Run
----------------------------------  -----  ---------  --------  ----------  --------------  -------------------
/opt/airflow/dags/stock_etl_dag.py                           1           0  1.05s           2025-12-19T04:19:59
================================================================================
[2025-12-19T04:20:59.553+0000] {manager.py:878} INFO - 
================================================================================
DAG File Processing Stats

File Path                           PID    Runtime      # DAGs    # Errors  Last Runtime    Last Run
----------------------------------  -----  ---------  --------  ----------  --------------  -------------------
/opt/airflow/dags/stock_etl_dag.py                           1           0  1.14s           2025-12-19T04:20:31
================================================================================
[2025-12-19T04:21:29.977+0000] {manager.py:878} INFO - 
================================================================================
DAG File Processing Stats

File Path                           PID    Runtime      # DAGs    # Errors  Last Runtime    Last Run
----------------------------------  -----  ---------  --------  ----------  --------------  -------------------
/opt/airflow/dags/stock_etl_dag.py                           1           0  1.04s           2025-12-19T04:21:02
================================================================================
[2025-12-19T04:22:00.408+0000] {manager.py:878} INFO - 
================================================================================
DAG File Processing Stats

File Path                           PID    Runtime      # DAGs    # Errors  Last Runtime    Last Run
----------------------------------  -----  ---------  --------  ----------  --------------  -------------------
/opt/airflow/dags/stock_etl_dag.py                           1           0  1.03s           2025-12-19T04:21:34
================================================================================
[2025-12-19T04:22:30.762+0000] {manager.py:878} INFO - 
================================================================================
DAG File Processing Stats

File Path                           PID    Runtime      # DAGs    # Errors  Last Runtime    Last Run
----------------------------------  -----  ---------  --------  ----------  --------------  -------------------
/opt/airflow/dags/stock_etl_dag.py                           1           0  1.02s           2025-12-19T04:22:05
================================================================================
[2025-12-19T04:23:01.071+0000] {manager.py:878} INFO - 
================================================================================
DAG File Processing Stats

File Path                           PID    Runtime      # DAGs    # Errors  Last Runtime    Last Run
----------------------------------  -----  ---------  --------  ----------  --------------  -------------------
/opt/airflow/dags/stock_etl_dag.py                           1           0  0.95s           2025-12-19T04:22:36
================================================================================
[2025-12-19T04:23:31.461+0000] {manager.py:878} INFO - 
================================================================================
DAG File Processing Stats

File Path                           PID    Runtime      # DAGs    # Errors  Last Runtime    Last Run
----------------------------------  -----  ---------  --------  ----------  --------------  -------------------
/opt/airflow/dags/stock_etl_dag.py                           1           0  1.03s           2025-12-19T04:23:08
================================================================================
[2025-12-19T04:24:01.781+0000] {manager.py:878} INFO - 
================================================================================
DAG File Processing Stats

File Path                           PID    Runtime      # DAGs    # Errors  Last Runtime    Last Run
----------------------------------  -----  ---------  --------  ----------  --------------  -------------------
/opt/airflow/dags/stock_etl_dag.py                           1           0  0.91s           2025-12-19T04:23:39
================================================================================
